#
# A fatal error has been detected by the Java Runtime Environment:
#
#  SIGSEGV (0xb) at pc=0x00007f879e521718, pid=7849, tid=140220994447104
#
# JRE version: Java(TM) SE Runtime Environment (8.0-b124) (build 1.8.0-ea-b124)
# Java VM: Java HotSpot(TM) 64-Bit Server VM (25.0-b66 mixed mode linux-amd64 compressed oops)
# Problematic frame:
# C  [libgobject-2.0.so.0+0x19718]  g_object_get_qdata+0x18
#
# Failed to write core dump. Core dumps have been disabled. To enable core dumping, try "ulimit -c unlimited" before starting Java again
#
# If you would like to submit a bug report, please visit:
#   http://bugreport.sun.com/bugreport/crash.jsp
# The crash happened outside the Java Virtual Machine in native code.
# See problematic frame for where to report the bug.
#

---------------  T H R E A D  ---------------

Current thread (0x00007f87b800a000):  JavaThread "main" [_thread_in_native, id=7873, stack(0x00007f87be806000,0x00007f87be907000)]

siginfo:si_signo=SIGSEGV: si_errno=0, si_code=1 (SEGV_MAPERR), si_addr=0x0000000000001e00

Registers:
RAX=0x0000000000001e00, RBX=0x00007f87b86e1b00, RCX=0x0000000000000033, RDX=0x00007f87b86e1b00
RSP=0x00007f87be903270, RBP=0x0000000000000033, RSI=0x0000000000000033, RDI=0x00007f87b86e1b00
R8 =0x0000000000000000, R9 =0x0000000000000000, R10=0x00007f87a8d47904, R11=0x00000000f022d950
R12=0x0000000000000000, R13=0x00007f87be903360, R14=0x00007f87be9032d0, R15=0x00007f87b800a000
RIP=0x00007f879e521718, EFLAGS=0x0000000000010206, CSGSFS=0x0000000000000033, ERR=0x0000000000000004
  TRAPNO=0x000000000000000e

Top of Stack: (sp=0x00007f87be903270)
0x00007f87be903270:   00007f87a89d1310 0000000000000003
0x00007f87be903280:   00007f87be9032e0 00007f87a5007323
0x00007f87be903290:   00007f8756d4dc85 00007f87a8d47976
0x00007f87be9032a0:   00007f8756d4dcc8 00007f87b800a000
0x00007f87be9032b0:   00007f87be903318 00007f87a89d2fa0
0x00007f87be9032c0:   00000000f022d950 00007f87b800a000
0x00007f87be9032d0:   00000000f022c3f0 00007f87be9032d8
0x00007f87be9032e0:   00007f87be9033b8 00007f87a8d47cfc
0x00007f87be9032f0:   00007f87a7693610 0000000000000000
0x00007f87be903300:   00007f8756d4aaf0 00007f87b800a000
0x00007f87be903310:   00007f87b86e1b00 00007f8700000033
0x00007f87be903320:   00007f8756d4dcc8 00007f87b800a000
0x00007f87be903330:   00007f8756d4dcc8 00007f87b800a000
0x00007f87be903340:   00007f87be9033b8 00007f87a89d2fa0
0x00007f87be903350:   00007f8756d4aaf0 00007f87a89d2fa0
0x00007f87be903360:   0000000000000033 00007f87b86e1b00
0x00007f87be903370:   0000000000000000 00007f87be903378
0x00007f87be903380:   00007f87a75bae53 00007f87be9033e8
0x00007f87be903390:   00007f87a75c18d8 0000000000000000
0x00007f87be9033a0:   00007f87a75bae98 00007f87be903360
0x00007f87be9033b0:   00007f87be9033d8 00007f87be903430
0x00007f87be9033c0:   00007f87a89d3210 0000000000000000
0x00007f87be9033d0:   0000000000000000 00007f87b86e1b00
0x00007f87be9033e0:   00000000fba32908 00000000f02b8550
0x00007f87be9033f0:   00007f87be9033f0 00007f8756d4dc85
0x00007f87be903400:   00007f87be903450 00007f8756d53028
0x00007f87be903410:   0000000000000000 00007f8756d4dcc8
0x00007f87be903420:   00007f87be9033d8 00007f87be903450
0x00007f87be903430:   00007f87be903498 00007f87a89d32e0
0x00007f87be903440:   0000000000000000 0000000000000000
0x00007f87be903450:   00000000fba32908 00007f87be903458
0x00007f87be903460:   00007f87a768dea9 00007f87be9034a8 

Instructions: (pc=0x00007f879e521718)
0x00007f879e5216f8:   0f 1f 84 00 00 00 00 00 55 53 48 89 fb 48 83 ec
0x00007f879e521708:   08 48 85 ff 74 21 48 8b 07 89 f5 48 85 c0 74 06
0x00007f879e521718:   48 83 38 50 74 3a be 50 00 00 00 48 89 df e8 05
0x00007f879e521728:   86 01 00 85 c0 75 29 48 8d 15 30 1e 02 00 48 8d 

Register to memory mapping:

RAX=0x0000000000001e00 is an unknown value
RBX=0x00007f87b86e1b00 is an unknown value
RCX=0x0000000000000033 is an unknown value
RDX=0x00007f87b86e1b00 is an unknown value
RSP=0x00007f87be903270 is pointing into the stack for thread: 0x00007f87b800a000
RBP=0x0000000000000033 is an unknown value
RSI=0x0000000000000033 is an unknown value
RDI=0x00007f87b86e1b00 is an unknown value
R8 =0x0000000000000000 is an unknown value
R9 =0x0000000000000000 is an unknown value
R10=0x00007f87a8d47904 is at entry_point+68 in (nmethod*)0x00007f87a8d47750
R11=0x00000000f022d950 is an oop
org.eclipse.swt.internal.Lock 
 - klass: 'org/eclipse/swt/internal/Lock'
R12=0x0000000000000000 is an unknown value
R13=0x00007f87be903360 is pointing into the stack for thread: 0x00007f87b800a000
R14=0x00007f87be9032d0 is pointing into the stack for thread: 0x00007f87b800a000
R15=0x00007f87b800a000 is a thread


Stack: [0x00007f87be806000,0x00007f87be907000],  sp=0x00007f87be903270,  free space=1012k
Native frames: (J=compiled Java code, j=interpreted, Vv=VM code, C=native code)
C  [libgobject-2.0.so.0+0x19718]  g_object_get_qdata+0x18

Java frames: (J=compiled Java code, j=interpreted, Vv=VM code)
J 993  org.eclipse.swt.internal.gtk.OS._g_object_get_qdata(JI)J (0 bytes) @ 0x00007f87a8d47904 [0x00007f87a8d478c0+0x44]
J 992 C1 org.eclipse.swt.internal.gtk.OS.g_object_get_qdata(JI)J (37 bytes) @ 0x00007f87a8d47cfc [0x00007f87a8d47c60+0x9c]
j  org.eclipse.swt.widgets.Display.removeWidget(J)Lorg/eclipse/swt/widgets/Widget;+19
j  org.eclipse.swt.widgets.Combo.deregister()V+21
j  org.eclipse.swt.widgets.Widget.releaseWidget()V+1
j  org.eclipse.swt.widgets.Control.releaseWidget()V+1
j  org.eclipse.swt.widgets.Composite.releaseWidget()V+1
j  org.eclipse.swt.widgets.Combo.releaseWidget()V+1
j  org.eclipse.swt.widgets.Widget.release(Z)V+82
j  org.eclipse.swt.widgets.Control.release(Z)V+86
j  org.eclipse.swt.widgets.Composite.releaseChildren(Z)V+31
j  org.eclipse.swt.widgets.Widget.release(Z)V+38
j  org.eclipse.swt.widgets.Control.release(Z)V+86
j  org.eclipse.swt.widgets.Composite.releaseChildren(Z)V+31
j  org.eclipse.swt.widgets.Widget.release(Z)V+38
j  org.eclipse.swt.widgets.Control.release(Z)V+86
j  org.eclipse.swt.widgets.Composite.releaseChildren(Z)V+31
j  org.eclipse.swt.widgets.TabFolder.releaseChildren(Z)V+54
j  org.eclipse.swt.widgets.Widget.release(Z)V+38
j  org.eclipse.swt.widgets.Control.release(Z)V+86
j  org.eclipse.swt.widgets.Composite.releaseChildren(Z)V+31
j  org.eclipse.swt.widgets.Widget.release(Z)V+38
j  org.eclipse.swt.widgets.Control.release(Z)V+86
j  org.eclipse.swt.widgets.Composite.releaseChildren(Z)V+31
j  org.eclipse.swt.widgets.Widget.release(Z)V+38
j  org.eclipse.swt.widgets.Control.release(Z)V+86
j  org.eclipse.swt.widgets.Composite.releaseChildren(Z)V+31
j  org.eclipse.swt.widgets.Widget.release(Z)V+38
j  org.eclipse.swt.widgets.Control.release(Z)V+86
j  org.eclipse.swt.widgets.Composite.releaseChildren(Z)V+31
j  org.eclipse.swt.widgets.Canvas.releaseChildren(Z)V+42
j  org.eclipse.swt.widgets.Decorations.releaseChildren(Z)V+22
j  org.eclipse.swt.widgets.Shell.releaseChildren(Z)V+100
j  org.eclipse.swt.widgets.Widget.release(Z)V+38
j  org.eclipse.swt.widgets.Control.release(Z)V+86
j  org.eclipse.swt.widgets.Widget.dispose()V+23
j  org.eclipse.swt.widgets.Shell.dispose()V+20
j  org.eclipse.swt.widgets.Shell.closeWidget()V+30
j  org.eclipse.swt.widgets.Shell.gtk_delete_event(JJ)J+8
J 1031 C1 org.eclipse.swt.widgets.Widget.windowProc(JJJ)J (545 bytes) @ 0x00007f87a8d5c36c [0x00007f87a8d5ae80+0x14ec]
J 1126 C1 org.eclipse.swt.widgets.Control.windowProc(JJJ)J (227 bytes) @ 0x00007f87a8d9eed4 [0x00007f87a8d9ee00+0xd4]
J 1030 C1 org.eclipse.swt.widgets.Display.windowProc(JJJ)J (24 bytes) @ 0x00007f87a8d5a864 [0x00007f87a8d5a6c0+0x1a4]
v  ~StubRoutines::call_stub
J 1139  org.eclipse.swt.internal.gtk.OS._gtk_main_do_event(J)V (0 bytes) @ 0x00007f87a8da3601 [0x00007f87a8da35c0+0x41]
J 1125 C1 org.eclipse.swt.internal.gtk.OS.gtk_main_do_event(J)V (33 bytes) @ 0x00007f87a8d9e97c [0x00007f87a8d9e8e0+0x9c]
J 1124 C1 org.eclipse.swt.widgets.Display.eventProc(JJ)J (148 bytes) @ 0x00007f87a8d9dd44 [0x00007f87a8d9daa0+0x2a4]
v  ~StubRoutines::call_stub
J 1123  org.eclipse.swt.internal.gtk.OS._g_main_context_iteration(JZ)Z (0 bytes) @ 0x00007f87a8d9d704 [0x00007f87a8d9d6c0+0x44]
J 1122 C1 org.eclipse.swt.internal.gtk.OS.g_main_context_iteration(JZ)Z (37 bytes) @ 0x00007f87a8d9e43c [0x00007f87a8d9e3a0+0x9c]
J 1142 C1 org.eclipse.swt.widgets.Display.readAndDispatch()Z (58 bytes) @ 0x00007f87a8da5ddc [0x00007f87a8da5ca0+0x13c]
j  com.android.ddms.UIThread.runUI(Ljava/lang/String;)V+299
j  com.android.ddms.Main.main([Ljava/lang/String;)V+192
v  ~StubRoutines::call_stub

---------------  P R O C E S S  ---------------

Java Threads: ( => current thread )
  0x00007f87b87c6000 JavaThread "AWT-XAWT" daemon [_thread_in_native, id=7906, stack(0x00007f8756628000,0x00007f8756729000)]
  0x00007f87b87ad000 JavaThread "Java2D Disposer" daemon [_thread_blocked, id=7905, stack(0x00007f8756729000,0x00007f875682a000)]
  0x00007f875c047000 JavaThread "Device Client Monitor" [_thread_in_native, id=7904, stack(0x00007f8764061000,0x00007f8764162000)]
  0x00007f87b8551800 JavaThread "Device List Monitor" [_thread_in_native, id=7903, stack(0x00007f8756ea3000,0x00007f8756fa4000)]
  0x00007f87b8514800 JavaThread "Monitor" [_thread_in_native, id=7896, stack(0x00007f87573b9000,0x00007f87574ba000)]
  0x00007f87b8273000 JavaThread "process reaper" daemon [_thread_blocked, id=7888, stack(0x00007f87a5280000,0x00007f87a52b9000)]
  0x00007f87b80cf800 JavaThread "Service Thread" daemon [_thread_blocked, id=7885, stack(0x00007f87a5451000,0x00007f87a5552000)]
  0x00007f87b80b2000 JavaThread "C1 CompilerThread2" daemon [_thread_blocked, id=7884, stack(0x00007f87a5552000,0x00007f87a5653000)]
  0x00007f87b80b0000 JavaThread "C2 CompilerThread1" daemon [_thread_blocked, id=7883, stack(0x00007f87a5653000,0x00007f87a5754000)]
  0x00007f87b80ad800 JavaThread "C2 CompilerThread0" daemon [_thread_blocked, id=7882, stack(0x00007f87a5754000,0x00007f87a5855000)]
  0x00007f87b80ab800 JavaThread "Signal Dispatcher" daemon [_thread_blocked, id=7881, stack(0x00007f87a5855000,0x00007f87a5956000)]
  0x00007f87b807c000 JavaThread "Finalizer" daemon [_thread_blocked, id=7880, stack(0x00007f87a5c1f000,0x00007f87a5d20000)]
  0x00007f87b8078000 JavaThread "Reference Handler" daemon [_thread_blocked, id=7879, stack(0x00007f87a5d20000,0x00007f87a5e21000)]
=>0x00007f87b800a000 JavaThread "main" [_thread_in_native, id=7873, stack(0x00007f87be806000,0x00007f87be907000)]

Other Threads:
  0x00007f87b8073000 VMThread [stack: 0x00007f87a5e21000,0x00007f87a5f22000] [id=7878]
  0x00007f87b80da000 WatcherThread [stack: 0x00007f87a5350000,0x00007f87a5451000] [id=7886]

VM state:not at safepoint (normal execution)

VM Mutex/Monitor currently owned by a thread: None

Heap:
 PSYoungGen      total 14848K, used 12849K [0x00000000fab00000, 0x00000000fbe00000, 0x0000000100000000)
  eden space 11776K, 90% used [0x00000000fab00000,0x00000000fb56d048,0x00000000fb680000)
  from space 3072K, 70% used [0x00000000fba00000,0x00000000fbc1f4d0,0x00000000fbd00000)
  to   space 3584K, 0% used [0x00000000fb680000,0x00000000fb680000,0x00000000fba00000)
 ParOldGen       total 92672K, used 3798K [0x00000000f0000000, 0x00000000f5a80000, 0x00000000fab00000)
  object space 92672K, 4% used [0x00000000f0000000,0x00000000f03b58e8,0x00000000f5a80000)
 Metaspace       used 15844K, capacity 15942K, committed 16128K, reserved 1062912K
  class space    used 1691K, capacity 1722K, committed 1792K, reserved 1048576K

Card table byte_map: [0x00007f87be785000,0x00007f87be806000] byte_map_base: 0x00007f87be005000

Marking Bits: (ParMarkBitMap*) 0x00007f87bdceca40
 Begin Bits: [0x00007f87a7a08000, 0x00007f87a7e08000)
 End Bits:   [0x00007f87a7e08000, 0x00007f87a8208000)

Polling page: 0x00007f87be935000

CodeCache: size=245760Kb used=4053Kb max_used=4053Kb free=241706Kb
 bounds [0x00007f87a89cc000, 0x00007f87a8dcc000, 0x00007f87b79cc000]
 total_blobs=1847 nmethods=1205 adapters=556
 compilation: enabled

Compilation events (10 events):
Event: 12,145 Thread 0x00007f87b80b2000 1202   !   3       org.eclipse.swt.widgets.Synchronizer::runAsyncMessages (93 bytes)
Event: 12,147 Thread 0x00007f87b80b2000 nmethod 1202 0x00007f87a8dc0710 code [0x00007f87a8dc0900, 0x00007f87a8dc12e8]
Event: 12,147 Thread 0x00007f87b80b2000 1203   !   3       org.eclipse.swt.widgets.Synchronizer::removeFirst (88 bytes)
Event: 12,147 Thread 0x00007f87b80b2000 nmethod 1203 0x00007f87a8dc1710 code [0x00007f87a8dc18a0, 0x00007f87a8dc1f08]
Event: 12,165 Thread 0x00007f87b80b2000 1204   !   3       org.eclipse.swt.widgets.Display::sleep (370 bytes)
Event: 12,167 Thread 0x00007f87b80b2000 nmethod 1204 0x00007f87a8dc2250 code [0x00007f87a8dc25a0, 0x00007f87a8dc3998]
Event: 12,167 Thread 0x00007f87b80b2000 1205   !   3       org.eclipse.swt.internal.gtk.OS::g_main_context_default (31 bytes)
Event: 12,167 Thread 0x00007f87b80b2000 nmethod 1205 0x00007f87a8dc48d0 code [0x00007f87a8dc4a60, 0x00007f87a8dc4cf8]
Event: 16,308 Thread 0x00007f87b80b2000 1206       3       java.util.concurrent.locks.AbstractQueuedSynchronizer::setState (6 bytes)
Event: 16,309 Thread 0x00007f87b80b2000 nmethod 1206 0x00007f87a8dc4e10 code [0x00007f87a8dc4f60, 0x00007f87a8dc50b0]

GC Heap History (10 events):
Event: 0,809 GC heap before
{Heap before GC invocations=6 (full 0):
 PSYoungGen      total 2560K, used 2560K [0x00000000fab00000, 0x00000000fb200000, 0x0000000100000000)
  eden space 2048K, 100% used [0x00000000fab00000,0x00000000fad00000,0x00000000fad00000)
  from space 512K, 100% used [0x00000000fad00000,0x00000000fad80000,0x00000000fad80000)
  to   space 1536K, 0% used [0x00000000fb080000,0x00000000fb080000,0x00000000fb200000)
 ParOldGen       total 92672K, used 1565K [0x00000000f0000000, 0x00000000f5a80000, 0x00000000fab00000)
  object space 92672K, 1% used [0x00000000f0000000,0x00000000f0187520,0x00000000f5a80000)
 Metaspace       used 5509K, capacity 5590K, committed 5760K, reserved 1056768K
  class space    used 529K, capacity 561K, committed 640K, reserved 1048576K
Event: 0,813 GC heap after
Heap after GC invocations=6 (full 0):
 PSYoungGen      total 5632K, used 963K [0x00000000fab00000, 0x00000000fb200000, 0x0000000100000000)
  eden space 4096K, 0% used [0x00000000fab00000,0x00000000fab00000,0x00000000faf00000)
  from space 1536K, 62% used [0x00000000fb080000,0x00000000fb170e30,0x00000000fb200000)
  to   space 1536K, 0% used [0x00000000faf00000,0x00000000faf00000,0x00000000fb080000)
 ParOldGen       total 92672K, used 1573K [0x00000000f0000000, 0x00000000f5a80000, 0x00000000fab00000)
  object space 92672K, 1% used [0x00000000f0000000,0x00000000f0189520,0x00000000f5a80000)
 Metaspace       used 5509K, capacity 5590K, committed 5760K, reserved 1056768K
  class space    used 529K, capacity 561K, committed 640K, reserved 1048576K
}
Event: 1,031 GC heap before
{Heap before GC invocations=7 (full 0):
 PSYoungGen      total 5632K, used 5059K [0x00000000fab00000, 0x00000000fb200000, 0x0000000100000000)
  eden space 4096K, 100% used [0x00000000fab00000,0x00000000faf00000,0x00000000faf00000)
  from space 1536K, 62% used [0x00000000fb080000,0x00000000fb170e30,0x00000000fb200000)
  to   space 1536K, 0% used [0x00000000faf00000,0x00000000faf00000,0x00000000fb080000)
 ParOldGen       total 92672K, used 1573K [0x00000000f0000000, 0x00000000f5a80000, 0x00000000fab00000)
  object space 92672K, 1% used [0x00000000f0000000,0x00000000f0189520,0x00000000f5a80000)
 Metaspace       used 6261K, capacity 6332K, committed 6656K, reserved 1056768K
  class space    used 624K, capacity 658K, committed 768K, reserved 1048576K
Event: 1,034 GC heap after
Heap after GC invocations=7 (full 0):
 PSYoungGen      total 5632K, used 1513K [0x00000000fab00000, 0x00000000fb700000, 0x0000000100000000)
  eden space 4096K, 0% used [0x00000000fab00000,0x00000000fab00000,0x00000000faf00000)
  from space 1536K, 98% used [0x00000000faf00000,0x00000000fb07a6f8,0x00000000fb080000)
  to   space 2048K, 0% used [0x00000000fb500000,0x00000000fb500000,0x00000000fb700000)
 ParOldGen       total 92672K, used 1794K [0x00000000f0000000, 0x00000000f5a80000, 0x00000000fab00000)
  object space 92672K, 1% used [0x00000000f0000000,0x00000000f01c0840,0x00000000f5a80000)
 Metaspace       used 6261K, capacity 6332K, committed 6656K, reserved 1056768K
  class space    used 624K, capacity 658K, committed 768K, reserved 1048576K
}
Event: 1,510 GC heap before
{Heap before GC invocations=8 (full 0):
 PSYoungGen      total 5632K, used 5609K [0x00000000fab00000, 0x00000000fb700000, 0x0000000100000000)
  eden space 4096K, 100% used [0x00000000fab00000,0x00000000faf00000,0x00000000faf00000)
  from space 1536K, 98% used [0x00000000faf00000,0x00000000fb07a6f8,0x00000000fb080000)
  to   space 2048K, 0% used [0x00000000fb500000,0x00000000fb500000,0x00000000fb700000)
 ParOldGen       total 92672K, used 1794K [0x00000000f0000000, 0x00000000f5a80000, 0x00000000fab00000)
  object space 92672K, 1% used [0x00000000f0000000,0x00000000f01c0840,0x00000000f5a80000)
 Metaspace       used 7972K, capacity 8060K, committed 8320K, reserved 1056768K
  class space    used 806K, capacity 850K, committed 896K, reserved 1048576K
Event: 1,515 GC heap after
Heap after GC invocations=8 (full 0):
 PSYoungGen      total 9728K, used 2041K [0x00000000fab00000, 0x00000000fb800000, 0x0000000100000000)
  eden space 7680K, 0% used [0x00000000fab00000,0x00000000fab00000,0x00000000fb280000)
  from space 2048K, 99% used [0x00000000fb500000,0x00000000fb6fe6d0,0x00000000fb700000)
  to   space 2560K, 0% used [0x00000000fb280000,0x00000000fb280000,0x00000000fb500000)
 ParOldGen       total 92672K, used 2088K [0x00000000f0000000, 0x00000000f5a80000, 0x00000000fab00000)
  object space 92672K, 2% used [0x00000000f0000000,0x00000000f020a3f0,0x00000000f5a80000)
 Metaspace       used 7972K, capacity 8060K, committed 8320K, reserved 1056768K
  class space    used 806K, capacity 850K, committed 896K, reserved 1048576K
}
Event: 2,352 GC heap before
{Heap before GC invocations=9 (full 0):
 PSYoungGen      total 9728K, used 9721K [0x00000000fab00000, 0x00000000fb800000, 0x0000000100000000)
  eden space 7680K, 100% used [0x00000000fab00000,0x00000000fb280000,0x00000000fb280000)
  from space 2048K, 99% used [0x00000000fb500000,0x00000000fb6fe6d0,0x00000000fb700000)
  to   space 2560K, 0% used [0x00000000fb280000,0x00000000fb280000,0x00000000fb500000)
 ParOldGen       total 92672K, used 2088K [0x00000000f0000000, 0x00000000f5a80000, 0x00000000fab00000)
  object space 92672K, 2% used [0x00000000f0000000,0x00000000f020a3f0,0x00000000f5a80000)
 Metaspace       used 10717K, capacity 10780K, committed 10880K, reserved 1058816K
  class space    used 1112K, capacity 1138K, committed 1152K, reserved 1048576K
Event: 2,357 GC heap after
Heap after GC invocations=9 (full 0):
 PSYoungGen      total 10240K, used 2552K [0x00000000fab00000, 0x00000000fbd00000, 0x0000000100000000)
  eden space 7680K, 0% used [0x00000000fab00000,0x00000000fab00000,0x00000000fb280000)
  from space 2560K, 99% used [0x00000000fb280000,0x00000000fb4fe160,0x00000000fb500000)
  to   space 3072K, 0% used [0x00000000fba00000,0x00000000fba00000,0x00000000fbd00000)
 ParOldGen       total 92672K, used 2785K [0x00000000f0000000, 0x00000000f5a80000, 0x00000000fab00000)
  object space 92672K, 3% used [0x00000000f0000000,0x00000000f02b8550,0x00000000f5a80000)
 Metaspace       used 10717K, capacity 10780K, committed 10880K, reserved 1058816K
  class space    used 1112K, capacity 1138K, committed 1152K, reserved 1048576K
}
Event: 2,991 GC heap before
{Heap before GC invocations=10 (full 0):
 PSYoungGen      total 10240K, used 10232K [0x00000000fab00000, 0x00000000fbd00000, 0x0000000100000000)
  eden space 7680K, 100% used [0x00000000fab00000,0x00000000fb280000,0x00000000fb280000)
  from space 2560K, 99% used [0x00000000fb280000,0x00000000fb4fe160,0x00000000fb500000)
  to   space 3072K, 0% used [0x00000000fba00000,0x00000000fba00000,0x00000000fbd00000)
 ParOldGen       total 92672K, used 2785K [0x00000000f0000000, 0x00000000f5a80000, 0x00000000fab00000)
  object space 92672K, 3% used [0x00000000f0000000,0x00000000f02b8550,0x00000000f5a80000)
 Metaspace       used 14081K, capacity 14248K, committed 14336K, reserved 1062912K
  class space    used 1467K, capacity 1525K, committed 1536K, reserved 1048576K
Event: 2,996 GC heap after
Heap after GC invocations=10 (full 0):
 PSYoungGen      total 14848K, used 2173K [0x00000000fab00000, 0x00000000fbe00000, 0x0000000100000000)
  eden space 11776K, 0% used [0x00000000fab00000,0x00000000fab00000,0x00000000fb680000)
  from space 3072K, 70% used [0x00000000fba00000,0x00000000fbc1f4d0,0x00000000fbd00000)
  to   space 3584K, 0% used [0x00000000fb680000,0x00000000fb680000,0x00000000fba00000)
 ParOldGen       total 92672K, used 3798K [0x00000000f0000000, 0x00000000f5a80000, 0x00000000fab00000)
  object space 92672K, 4% used [0x00000000f0000000,0x00000000f03b58e8,0x00000000f5a80000)
 Metaspace       used 14081K, capacity 14248K, committed 14336K, reserved 1062912K
  class space    used 1467K, capacity 1525K, committed 1536K, reserved 1048576K
}

Deoptimization events (9 events):
Event: 1,404 Thread 0x00007f87b800a000 Uncommon trap: reason=unreached action=reinterpret pc=0x00007f87a8bcbc50 method=java.util.HashMap.hash(Ljava/lang/Object;)I @ 1
Event: 1,404 Thread 0x00007f87b800a000 Uncommon trap: reason=unreached action=reinterpret pc=0x00007f87a8bc35a0 method=java.util.HashMap.hash(Ljava/lang/Object;)I @ 1
Event: 1,523 Thread 0x00007f87b8466000 Uncommon trap: reason=null_check action=make_not_entrant pc=0x00007f87a8bc1568 method=java.lang.StringCoding.deref(Ljava/lang/ThreadLocal;)Ljava/lang/Object; @ 4
Event: 2,830 Thread 0x00007f87b800a000 Uncommon trap: reason=class_check action=maybe_recompile pc=0x00007f87a8bc6630 method=java.util.HashMap.putVal(ILjava/lang/Object;Ljava/lang/Object;ZZ)Ljava/lang/Object; @ 91
Event: 2,830 Thread 0x00007f87b800a000 Uncommon trap: reason=class_check action=maybe_recompile pc=0x00007f87a8bc6630 method=java.util.HashMap.putVal(ILjava/lang/Object;Ljava/lang/Object;ZZ)Ljava/lang/Object; @ 91
Event: 2,830 Thread 0x00007f87b800a000 Uncommon trap: reason=class_check action=maybe_recompile pc=0x00007f87a8bc6630 method=java.util.HashMap.putVal(ILjava/lang/Object;Ljava/lang/Object;ZZ)Ljava/lang/Object; @ 91
Event: 2,830 Thread 0x00007f87b800a000 Uncommon trap: reason=class_check action=maybe_recompile pc=0x00007f87a8bc6630 method=java.util.HashMap.putVal(ILjava/lang/Object;Ljava/lang/Object;ZZ)Ljava/lang/Object; @ 91
Event: 2,984 Thread 0x00007f87b800a000 Uncommon trap: reason=unloaded action=reinterpret pc=0x00007f87a8ce9ccc method=java.lang.CharacterData.of(I)Ljava/lang/CharacterData; @ 96
Event: 5,299 Thread 0x00007f87b800a000 Uncommon trap: reason=unreached action=reinterpret pc=0x00007f87a8db2c18 method=org.eclipse.swt.widgets.Display.getWidget(J)Lorg/eclipse/swt/widgets/Widget; @ 12

Internal exceptions (10 events):
Event: 3,904 Thread 0x00007f87b800a000 Exception <a 'java/security/PrivilegedActionException'> (0x00000000fb4f7108) thrown at [/HUDSON/workspace/8-2-build-linux-amd64/jdk8/1532/hotspot/src/share/vm/prims/jvm.cpp, line 1248]
Event: 3,905 Thread 0x00007f87b800a000 Exception <a 'java/security/PrivilegedActionException'> (0x00000000fb4fb190) thrown at [/HUDSON/workspace/8-2-build-linux-amd64/jdk8/1532/hotspot/src/share/vm/prims/jvm.cpp, line 1248]
Event: 3,976 Thread 0x00007f87b800a000 Exception <a 'java/security/PrivilegedActionException'> (0x00000000fb508c60) thrown at [/HUDSON/workspace/8-2-build-linux-amd64/jdk8/1532/hotspot/src/share/vm/prims/jvm.cpp, line 1248]
Event: 4,011 Thread 0x00007f87b800a000 Exception <a 'java/security/PrivilegedActionException'> (0x00000000fb50ec58) thrown at [/HUDSON/workspace/8-2-build-linux-amd64/jdk8/1532/hotspot/src/share/vm/prims/jvm.cpp, line 1248]
Event: 4,013 Thread 0x00007f87b800a000 Exception <a 'java/security/PrivilegedActionException'> (0x00000000fb5127f0) thrown at [/HUDSON/workspace/8-2-build-linux-amd64/jdk8/1532/hotspot/src/share/vm/prims/jvm.cpp, line 1248]
Event: 4,014 Thread 0x00007f87b800a000 Exception <a 'java/security/PrivilegedActionException'> (0x00000000fb5166d0) thrown at [/HUDSON/workspace/8-2-build-linux-amd64/jdk8/1532/hotspot/src/share/vm/prims/jvm.cpp, line 1248]
Event: 4,023 Thread 0x00007f87b800a000 Exception <a 'java/security/PrivilegedActionException'> (0x00000000fb51bae0) thrown at [/HUDSON/workspace/8-2-build-linux-amd64/jdk8/1532/hotspot/src/share/vm/prims/jvm.cpp, line 1248]
Event: 5,285 Thread 0x00007f87b800a000 Exception <a 'java/security/PrivilegedActionException'> (0x00000000fb527f30) thrown at [/HUDSON/workspace/8-2-build-linux-amd64/jdk8/1532/hotspot/src/share/vm/prims/jvm.cpp, line 1248]
Event: 5,298 Thread 0x00007f87b800a000 Exception <a 'java/security/PrivilegedActionException'> (0x00000000fb52cd08) thrown at [/HUDSON/workspace/8-2-build-linux-amd64/jdk8/1532/hotspot/src/share/vm/prims/jvm.cpp, line 1248]
Event: 5,298 Thread 0x00007f87b800a000 Exception <a 'java/security/PrivilegedActionException'> (0x00000000fb530c18) thrown at [/HUDSON/workspace/8-2-build-linux-amd64/jdk8/1532/hotspot/src/share/vm/prims/jvm.cpp, line 1248]

Events (10 events):
Event: 4,064 Executing VM operation: EnableBiasedLocking done
Event: 5,285 loading class org/eclipse/swt/internal/gtk/GdkEventButton
Event: 5,285 loading class org/eclipse/swt/internal/gtk/GdkEventButton done
Event: 5,298 loading class org/eclipse/swt/events/DisposeEvent
Event: 5,298 loading class org/eclipse/swt/events/DisposeEvent done
Event: 5,298 loading class org/eclipse/swt/internal/LONG
Event: 5,298 loading class org/eclipse/swt/internal/LONG done
Event: 5,299 Thread 0x00007f87b800a000 Uncommon trap: trap_request=0xffffffad fr.pc=0x00007f87a8db2c18
Event: 5,299 Thread 0x00007f87b800a000 DEOPT PACKING pc=0x00007f87a8db2c18 sp=0x00007f87be904b20
Event: 5,299 Thread 0x00007f87b800a000 DEOPT UNPACKING pc=0x00007f87a8a13650 sp=0x00007f87be904ae0 mode 2


Dynamic libraries:
00400000-00401000 r-xp 00000000 08:01 1321110                            /usr/lib/jvm/java-8-oracle/jre/bin/java
00600000-00601000 rw-p 00000000 08:01 1321110                            /usr/lib/jvm/java-8-oracle/jre/bin/java
0094e000-0096f000 rw-p 00000000 00:00 0                                  [heap]
f0000000-f5a80000 rw-p 00000000 00:00 0 
f5a80000-fab00000 ---p 00000000 00:00 0 
fab00000-fbe00000 rw-p 00000000 00:00 0 
fbe00000-100000000 ---p 00000000 00:00 0 
100000000-1001c0000 rw-p 00000000 00:00 0 
1001c0000-140000000 ---p 00000000 00:00 0 
7f8740000000-7f8740021000 rw-p 00000000 00:00 0 
7f8740021000-7f8744000000 ---p 00000000 00:00 0 
7f8748000000-7f8748021000 rw-p 00000000 00:00 0 
7f8748021000-7f874c000000 ---p 00000000 00:00 0 
7f874c000000-7f874c021000 rw-p 00000000 00:00 0 
7f874c021000-7f8750000000 ---p 00000000 00:00 0 
7f8750000000-7f8750021000 rw-p 00000000 00:00 0 
7f8750021000-7f8754000000 ---p 00000000 00:00 0 
7f8755f21000-7f8755f25000 r-xp 00000000 08:01 920857                     /usr/lib/x86_64-linux-gnu/gdk-pixbuf-2.0/2.10.0/loaders/libpixbufloader-png.so
7f8755f25000-7f8756125000 ---p 00004000 08:01 920857                     /usr/lib/x86_64-linux-gnu/gdk-pixbuf-2.0/2.10.0/loaders/libpixbufloader-png.so
7f8756125000-7f8756126000 r--p 00004000 08:01 920857                     /usr/lib/x86_64-linux-gnu/gdk-pixbuf-2.0/2.10.0/loaders/libpixbufloader-png.so
7f8756126000-7f8756127000 rw-p 00005000 08:01 920857                     /usr/lib/x86_64-linux-gnu/gdk-pixbuf-2.0/2.10.0/loaders/libpixbufloader-png.so
7f8756127000-7f8756149000 r--s 00000000 08:01 919400                     /usr/share/mime/mime.cache
7f8756149000-7f87561a9000 rw-s 00000000 00:04 10682442                   /SYSV00000000 (deleted)
7f87561a9000-7f8756212000 r-xp 00000000 08:01 1725820                    /usr/lib/jvm/java-8-oracle/jre/lib/amd64/libt2k.so
7f8756212000-7f8756411000 ---p 00069000 08:01 1725820                    /usr/lib/jvm/java-8-oracle/jre/lib/amd64/libt2k.so
7f8756411000-7f8756418000 rw-p 00068000 08:01 1725820                    /usr/lib/jvm/java-8-oracle/jre/lib/amd64/libt2k.so
7f8756418000-7f8756628000 rw-p 00000000 00:00 0 
7f8756628000-7f875662b000 ---p 00000000 00:00 0 
7f875662b000-7f8756729000 rw-p 00000000 00:00 0                          [stack:7906]
7f8756729000-7f875672c000 ---p 00000000 00:00 0 
7f875672c000-7f875682a000 rw-p 00000000 00:00 0                          [stack:7905]
7f875682a000-7f875688f000 r-xp 00000000 08:01 1725795                    /usr/lib/jvm/java-8-oracle/jre/lib/amd64/libfontmanager.so
7f875688f000-7f8756a8e000 ---p 00065000 08:01 1725795                    /usr/lib/jvm/java-8-oracle/jre/lib/amd64/libfontmanager.so
7f8756a8e000-7f8756a92000 rw-p 00064000 08:01 1725795                    /usr/lib/jvm/java-8-oracle/jre/lib/amd64/libfontmanager.so
7f8756a92000-7f8756ca3000 rw-p 00000000 00:00 0 
7f8756ca3000-7f8756ea3000 rw-p 00000000 00:00 0 
7f8756ea3000-7f8756ea6000 ---p 00000000 00:00 0 
7f8756ea6000-7f8756fa4000 rw-p 00000000 00:00 0                          [stack:7903]
7f8756fa4000-7f8756fb4000 r-xp 00000000 08:01 1725810                    /usr/lib/jvm/java-8-oracle/jre/lib/amd64/libnio.so
7f8756fb4000-7f87571b4000 ---p 00010000 08:01 1725810                    /usr/lib/jvm/java-8-oracle/jre/lib/amd64/libnio.so
7f87571b4000-7f87571b5000 rw-p 00010000 08:01 1725810                    /usr/lib/jvm/java-8-oracle/jre/lib/amd64/libnio.so
7f87571b5000-7f87571b7000 r-xp 00000000 08:01 660045                     /lib/x86_64-linux-gnu/libnss_mdns4.so.2
7f87571b7000-7f87573b7000 ---p 00002000 08:01 660045                     /lib/x86_64-linux-gnu/libnss_mdns4.so.2
7f87573b7000-7f87573b8000 r--p 00002000 08:01 660045                     /lib/x86_64-linux-gnu/libnss_mdns4.so.2
7f87573b8000-7f87573b9000 rw-p 00003000 08:01 660045                     /lib/x86_64-linux-gnu/libnss_mdns4.so.2
7f87573b9000-7f87573bc000 ---p 00000000 00:00 0 
7f87573bc000-7f87574ba000 rw-p 00000000 00:00 0                          [stack:7896]
7f87574ba000-7f875750b000 r-xp 00000000 08:01 1725798                    /usr/lib/jvm/java-8-oracle/jre/lib/amd64/libawt_xawt.so
7f875750b000-7f875770a000 ---p 00051000 08:01 1725798                    /usr/lib/jvm/java-8-oracle/jre/lib/amd64/libawt_xawt.so
7f875770a000-7f875770e000 rw-p 00050000 08:01 1725798                    /usr/lib/jvm/java-8-oracle/jre/lib/amd64/libawt_xawt.so
7f875770e000-7f875770f000 rw-p 00000000 00:00 0 
7f875770f000-7f87577b2000 r-xp 00000000 08:01 1725803                    /usr/lib/jvm/java-8-oracle/jre/lib/amd64/libawt.so
7f87577b2000-7f87579b1000 ---p 000a3000 08:01 1725803                    /usr/lib/jvm/java-8-oracle/jre/lib/amd64/libawt.so
7f87579b1000-7f87579bd000 rw-p 000a2000 08:01 1725803                    /usr/lib/jvm/java-8-oracle/jre/lib/amd64/libawt.so
7f87579bd000-7f87579e1000 rw-p 00000000 00:00 0 
7f87579e1000-7f87579e6000 r-xp 00000000 08:01 657114                     /lib/x86_64-linux-gnu/libnss_dns-2.19.so
7f87579e6000-7f8757be5000 ---p 00005000 08:01 657114                     /lib/x86_64-linux-gnu/libnss_dns-2.19.so
7f8757be5000-7f8757be6000 r--p 00004000 08:01 657114                     /lib/x86_64-linux-gnu/libnss_dns-2.19.so
7f8757be6000-7f8757be7000 rw-p 00005000 08:01 657114                     /lib/x86_64-linux-gnu/libnss_dns-2.19.so
7f8757be7000-7f8757be9000 r-xp 00000000 08:01 660047                     /lib/x86_64-linux-gnu/libnss_mdns4_minimal.so.2
7f8757be9000-7f8757de8000 ---p 00002000 08:01 660047                     /lib/x86_64-linux-gnu/libnss_mdns4_minimal.so.2
7f8757de8000-7f8757de9000 r--p 00001000 08:01 660047                     /lib/x86_64-linux-gnu/libnss_mdns4_minimal.so.2
7f8757de9000-7f8757dea000 rw-p 00002000 08:01 660047                     /lib/x86_64-linux-gnu/libnss_mdns4_minimal.so.2
7f8757dea000-7f8757e00000 r-xp 00000000 08:01 1725797                    /usr/lib/jvm/java-8-oracle/jre/lib/amd64/libnet.so
7f8757e00000-7f8757fff000 ---p 00016000 08:01 1725797                    /usr/lib/jvm/java-8-oracle/jre/lib/amd64/libnet.so
7f8757fff000-7f8758000000 rw-p 00015000 08:01 1725797                    /usr/lib/jvm/java-8-oracle/jre/lib/amd64/libnet.so
7f8758000000-7f8758021000 rw-p 00000000 00:00 0 
7f8758021000-7f875c000000 ---p 00000000 00:00 0 
7f875c000000-7f875c065000 rw-p 00000000 00:00 0 
7f875c065000-7f8760000000 ---p 00000000 00:00 0 
7f8760000000-7f8760021000 rw-p 00000000 00:00 0 
7f8760021000-7f8764000000 ---p 00000000 00:00 0 
7f8764017000-7f8764061000 r--p 00000000 08:01 1324998                    /usr/share/fonts/truetype/msttcorefonts/Courier_New.ttf
7f8764061000-7f8764064000 ---p 00000000 00:00 0 
7f8764064000-7f8764162000 rw-p 00000000 00:00 0                          [stack:7904]
7f8764162000-7f8764163000 ---p 00000000 00:00 0 
7f8764163000-7f8764963000 rw-p 00000000 00:00 0                          [stack:7894]
7f8764963000-7f8764964000 ---p 00000000 00:00 0 
7f8764964000-7f8765164000 rw-p 00000000 00:00 0                          [stack:7893]
7f8765164000-7f87651a8000 r-xp 00000000 08:01 657667                     /lib/x86_64-linux-gnu/libdbus-1.so.3.7.6
7f87651a8000-7f87653a7000 ---p 00044000 08:01 657667                     /lib/x86_64-linux-gnu/libdbus-1.so.3.7.6
7f87653a7000-7f87653a8000 r--p 00043000 08:01 657667                     /lib/x86_64-linux-gnu/libdbus-1.so.3.7.6
7f87653a8000-7f87653a9000 rw-p 00044000 08:01 657667                     /lib/x86_64-linux-gnu/libdbus-1.so.3.7.6
7f87653a9000-7f87653b1000 r-xp 00000000 08:01 657671                     /lib/x86_64-linux-gnu/libnih-dbus.so.1.0.0
7f87653b1000-7f87655b1000 ---p 00008000 08:01 657671                     /lib/x86_64-linux-gnu/libnih-dbus.so.1.0.0
7f87655b1000-7f87655b2000 r--p 00008000 08:01 657671                     /lib/x86_64-linux-gnu/libnih-dbus.so.1.0.0
7f87655b2000-7f87655b3000 rw-p 00009000 08:01 657671                     /lib/x86_64-linux-gnu/libnih-dbus.so.1.0.0
7f87655b3000-7f87655ca000 r-xp 00000000 08:01 657674                     /lib/x86_64-linux-gnu/libnih.so.1.0.0
7f87655ca000-7f87657c9000 ---p 00017000 08:01 657674                     /lib/x86_64-linux-gnu/libnih.so.1.0.0
7f87657c9000-7f87657ca000 r--p 00016000 08:01 657674                     /lib/x86_64-linux-gnu/libnih.so.1.0.0
7f87657ca000-7f87657cb000 rw-p 00017000 08:01 657674                     /lib/x86_64-linux-gnu/libnih.so.1.0.0
7f87657cb000-7f87657e4000 r-xp 00000000 08:01 657676                     /lib/x86_64-linux-gnu/libcgmanager.so.0.0.0
7f87657e4000-7f87659e3000 ---p 00019000 08:01 657676                     /lib/x86_64-linux-gnu/libcgmanager.so.0.0.0
7f87659e3000-7f87659e5000 r--p 00018000 08:01 657676                     /lib/x86_64-linux-gnu/libcgmanager.so.0.0.0
7f87659e5000-7f87659e6000 rw-p 0001a000 08:01 657676                     /lib/x86_64-linux-gnu/libcgmanager.so.0.0.0
7f87659e6000-7f87659f6000 r-xp 00000000 08:01 657451                     /lib/x86_64-linux-gnu/libudev.so.1.3.5
7f87659f6000-7f8765bf5000 ---p 00010000 08:01 657451                     /lib/x86_64-linux-gnu/libudev.so.1.3.5
7f8765bf5000-7f8765bf6000 r--p 0000f000 08:01 657451                     /lib/x86_64-linux-gnu/libudev.so.1.3.5
7f8765bf6000-7f8765bf7000 rw-p 00010000 08:01 657451                     /lib/x86_64-linux-gnu/libudev.so.1.3.5
7f8765bf7000-7f8765c2b000 r-xp 00000000 08:01 790081                     /usr/lib/x86_64-linux-gnu/gvfs/libgvfscommon.so
7f8765c2b000-7f8765e2b000 ---p 00034000 08:01 790081                     /usr/lib/x86_64-linux-gnu/gvfs/libgvfscommon.so
7f8765e2b000-7f8765e30000 r--p 00034000 08:01 790081                     /usr/lib/x86_64-linux-gnu/gvfs/libgvfscommon.so
7f8765e30000-7f8765e31000 rw-p 00039000 08:01 790081                     /usr/lib/x86_64-linux-gnu/gvfs/libgvfscommon.so
7f8765e31000-7f8765e60000 r-xp 00000000 08:01 929464                     /usr/lib/x86_64-linux-gnu/gio/modules/libgvfsdbus.so
7f8765e60000-7f8766060000 ---p 0002f000 08:01 929464                     /usr/lib/x86_64-linux-gnu/gio/modules/libgvfsdbus.so
7f8766060000-7f8766061000 r--p 0002f000 08:01 929464                     /usr/lib/x86_64-linux-gnu/gio/modules/libgvfsdbus.so
7f8766061000-7f8766062000 rw-p 00030000 08:01 929464                     /usr/lib/x86_64-linux-gnu/gio/modules/libgvfsdbus.so
7f8766062000-7f8766063000 rw-p 00000000 00:00 0 
7f8766063000-7f8766079000 r-xp 00000000 08:01 657129                     /lib/x86_64-linux-gnu/libgcc_s.so.1
7f8766079000-7f8766278000 ---p 00016000 08:01 657129                     /lib/x86_64-linux-gnu/libgcc_s.so.1
7f8766278000-7f8766279000 rw-p 00015000 08:01 657129                     /lib/x86_64-linux-gnu/libgcc_s.so.1
7f8766279000-7f876635f000 r-xp 00000000 08:01 526191                     /usr/lib/x86_64-linux-gnu/libstdc++.so.6.0.19
7f876635f000-7f876655e000 ---p 000e6000 08:01 526191                     /usr/lib/x86_64-linux-gnu/libstdc++.so.6.0.19
7f876655e000-7f8766566000 r--p 000e5000 08:01 526191                     /usr/lib/x86_64-linux-gnu/libstdc++.so.6.0.19
7f8766566000-7f8766568000 rw-p 000ed000 08:01 526191                     /usr/lib/x86_64-linux-gnu/libstdc++.so.6.0.19
7f8766568000-7f876657d000 rw-p 00000000 00:00 0 
7f876657d000-7f87666c0000 r-xp 00000000 08:01 927497                     /usr/lib/x86_64-linux-gnu/gtk-2.0/2.10.0/engines/liboxygen-gtk.so
7f87666c0000-7f87668bf000 ---p 00143000 08:01 927497                     /usr/lib/x86_64-linux-gnu/gtk-2.0/2.10.0/engines/liboxygen-gtk.so
7f87668bf000-7f87668c5000 r--p 00142000 08:01 927497                     /usr/lib/x86_64-linux-gnu/gtk-2.0/2.10.0/engines/liboxygen-gtk.so
7f87668c5000-7f87668c6000 rw-p 00148000 08:01 927497                     /usr/lib/x86_64-linux-gnu/gtk-2.0/2.10.0/engines/liboxygen-gtk.so
7f87668c6000-7f87668c7000 rw-p 00000000 00:00 0 
7f87668c7000-7f87668cd000 r-xp 00000000 08:01 528007                     /usr/lib/x86_64-linux-gnu/libdatrie.so.1.3.1
7f87668cd000-7f8766acc000 ---p 00006000 08:01 528007                     /usr/lib/x86_64-linux-gnu/libdatrie.so.1.3.1
7f8766acc000-7f8766acd000 r--p 00005000 08:01 528007                     /usr/lib/x86_64-linux-gnu/libdatrie.so.1.3.1
7f8766acd000-7f8766ace000 rw-p 00006000 08:01 528007                     /usr/lib/x86_64-linux-gnu/libdatrie.so.1.3.1
7f8766ace000-7f8766ae8000 r-xp 00000000 08:01 533691                     /usr/lib/x86_64-linux-gnu/libgraphite2.so.3.0.1
7f8766ae8000-7f8766ce7000 ---p 0001a000 08:01 533691                     /usr/lib/x86_64-linux-gnu/libgraphite2.so.3.0.1
7f8766ce7000-7f8766ce9000 r--p 00019000 08:01 533691                     /usr/lib/x86_64-linux-gnu/libgraphite2.so.3.0.1
7f8766ce9000-7f8766cea000 rw-p 0001b000 08:01 533691                     /usr/lib/x86_64-linux-gnu/libgraphite2.so.3.0.1
7f8766cea000-7f8766cef000 r-xp 00000000 08:01 533565                     /usr/lib/x86_64-linux-gnu/libXdmcp.so.6.0.0
7f8766cef000-7f8766eee000 ---p 00005000 08:01 533565                     /usr/lib/x86_64-linux-gnu/libXdmcp.so.6.0.0
7f8766eee000-7f8766eef000 r--p 00004000 08:01 533565                     /usr/lib/x86_64-linux-gnu/libXdmcp.so.6.0.0
7f8766eef000-7f8766ef0000 rw-p 00005000 08:01 533565                     /usr/lib/x86_64-linux-gnu/libXdmcp.so.6.0.0
7f8766ef0000-7f8766ef2000 r-xp 00000000 08:01 528455                     /usr/lib/x86_64-linux-gnu/libXau.so.6.0.0
7f8766ef2000-7f87670f2000 ---p 00002000 08:01 528455                     /usr/lib/x86_64-linux-gnu/libXau.so.6.0.0
7f87670f2000-7f87670f3000 r--p 00002000 08:01 528455                     /usr/lib/x86_64-linux-gnu/libXau.so.6.0.0
7f87670f3000-7f87670f4000 rw-p 00003000 08:01 528455                     /usr/lib/x86_64-linux-gnu/libXau.so.6.0.0
7f87670f4000-7f8767131000 r-xp 00000000 08:01 657137                     /lib/x86_64-linux-gnu/libpcre.so.3.13.1
7f8767131000-7f8767330000 ---p 0003d000 08:01 657137                     /lib/x86_64-linux-gnu/libpcre.so.3.13.1
7f8767330000-7f8767331000 r--p 0003c000 08:01 657137                     /lib/x86_64-linux-gnu/libpcre.so.3.13.1
7f8767331000-7f8767332000 rw-p 0003d000 08:01 657137                     /lib/x86_64-linux-gnu/libpcre.so.3.13.1
7f8767332000-7f8767339000 r-xp 00000000 08:01 534845                     /usr/lib/x86_64-linux-gnu/libffi.so.6.0.1
7f8767339000-7f8767538000 ---p 00007000 08:01 534845                     /usr/lib/x86_64-linux-gnu/libffi.so.6.0.1
7f8767538000-7f8767539000 r--p 00006000 08:01 534845                     /usr/lib/x86_64-linux-gnu/libffi.so.6.0.1
7f8767539000-7f876753a000 rw-p 00007000 08:01 534845                     /usr/lib/x86_64-linux-gnu/libffi.so.6.0.1
7f876753a000-7f8767561000 r-xp 00000000 08:01 658799                     /lib/x86_64-linux-gnu/libexpat.so.1.6.0
7f8767561000-7f8767761000 ---p 00027000 08:01 658799                     /lib/x86_64-linux-gnu/libexpat.so.1.6.0
7f8767761000-7f8767763000 r--p 00027000 08:01 658799                     /lib/x86_64-linux-gnu/libexpat.so.1.6.0
7f8767763000-7f8767764000 rw-p 00029000 08:01 658799                     /lib/x86_64-linux-gnu/libexpat.so.1.6.0
7f8767764000-7f876776c000 r-xp 00000000 08:01 534246                     /usr/lib/x86_64-linux-gnu/libthai.so.0.2.0
7f876776c000-7f876796b000 ---p 00008000 08:01 534246                     /usr/lib/x86_64-linux-gnu/libthai.so.0.2.0
7f876796b000-7f876796c000 r--p 00007000 08:01 534246                     /usr/lib/x86_64-linux-gnu/libthai.so.0.2.0
7f876796c000-7f876796d000 rw-p 00008000 08:01 534246                     /usr/lib/x86_64-linux-gnu/libthai.so.0.2.0
7f876796d000-7f87679c0000 r-xp 00000000 08:01 529790                     /usr/lib/x86_64-linux-gnu/libharfbuzz.so.0.927.0
7f87679c0000-7f8767bc0000 ---p 00053000 08:01 529790                     /usr/lib/x86_64-linux-gnu/libharfbuzz.so.0.927.0
7f8767bc0000-7f8767bc1000 r--p 00053000 08:01 529790                     /usr/lib/x86_64-linux-gnu/libharfbuzz.so.0.927.0
7f8767bc1000-7f8767bc2000 rw-p 00054000 08:01 529790                     /usr/lib/x86_64-linux-gnu/libharfbuzz.so.0.927.0
7f8767bc2000-7f8767bd9000 r-xp 00000000 08:01 657125                     /lib/x86_64-linux-gnu/libresolv-2.19.so
7f8767bd9000-7f8767dd9000 ---p 00017000 08:01 657125                     /lib/x86_64-linux-gnu/libresolv-2.19.so
7f8767dd9000-7f8767dda000 r--p 00017000 08:01 657125                     /lib/x86_64-linux-gnu/libresolv-2.19.so
7f8767dda000-7f8767ddb000 rw-p 00018000 08:01 657125                     /lib/x86_64-linux-gnu/libresolv-2.19.so
7f8767ddb000-7f8767ddd000 rw-p 00000000 00:00 0 
7f8767ddd000-7f8767dfd000 r-xp 00000000 08:01 657135                     /lib/x86_64-linux-gnu/libselinux.so.1
7f8767dfd000-7f8767ffc000 ---p 00020000 08:01 657135                     /lib/x86_64-linux-gnu/libselinux.so.1
7f8767ffc000-7f8767ffd000 r--p 0001f000 08:01 657135                     /lib/x86_64-linux-gnu/libselinux.so.1
7f8767ffd000-7f8767ffe000 rw-p 00020000 08:01 657135                     /lib/x86_64-linux-gnu/libselinux.so.1
7f8767ffe000-7f8768000000 rw-p 00000000 00:00 0 
7f8768000000-7f8768021000 rw-p 00000000 00:00 0 
7f8768021000-7f876c000000 ---p 00000000 00:00 0 
7f876c000000-7f876c021000 rw-p 00000000 00:00 0 
7f876c021000-7f8770000000 ---p 00000000 00:00 0 
7f8770000000-7f8770456000 rw-p 00000000 00:00 0 
7f8770456000-7f8774000000 ---p 00000000 00:00 0 
7f8774000000-7f8774021000 rw-p 00000000 00:00 0 
7f8774021000-7f8778000000 ---p 00000000 00:00 0 
7f8778000000-7f87785aa000 rw-p 00000000 00:00 0 
7f87785aa000-7f877c000000 ---p 00000000 00:00 0 
7f877c000000-7f877c42a000 rw-p 00000000 00:00 0 
7f877c42a000-7f8780000000 ---p 00000000 00:00 0 
7f8780000000-7f8780021000 rw-p 00000000 00:00 0 
7f8780021000-7f8784000000 ---p 00000000 00:00 0 
7f8784000000-7f8784021000 rw-p 00000000 00:00 0 
7f8784021000-7f8788000000 ---p 00000000 00:00 0 
7f8788000000-7f8788021000 rw-p 00000000 00:00 0 
7f8788021000-7f878c000000 ---p 00000000 00:00 0 
7f878c000000-7f878c021000 rw-p 00000000 00:00 0 
7f878c021000-7f8790000000 ---p 00000000 00:00 0 
7f8790000000-7f8790021000 rw-p 00000000 00:00 0 
7f8790021000-7f8794000000 ---p 00000000 00:00 0 
7f8794000000-7f8794021000 rw-p 00000000 00:00 0 
7f8794021000-7f8798000000 ---p 00000000 00:00 0 
7f8798000000-7f8798021000 rw-p 00000000 00:00 0 
7f8798021000-7f879c000000 ---p 00000000 00:00 0 
7f879c00e000-7f879c030000 r--s 00000000 08:01 919400                     /usr/share/mime/mime.cache
7f879c030000-7f879c031000 r--s 00000000 08:05 13780084                   /home/Divine/.local/share/mime/mime.cache
7f879c032000-7f879c033000 r--p 00000000 00:00 0 
7f879c033000-7f879c093000 rw-s 00000000 00:04 10616905                   /SYSV00000000 (deleted)
7f879c093000-7f879c099000 r--s 002f7000 08:01 1204609                    /usr/lib/jvm/java-8-oracle/jre/lib/charsets.jar
7f879c099000-7f879c0b5000 r--s 00393000 08:01 1202460                    /usr/lib/jvm/java-8-oracle/jre/lib/ext/cldrdata.jar
7f879c0b5000-7f879c0c0000 r--s 0021a000 08:01 1202457                    /usr/lib/jvm/java-8-oracle/jre/lib/ext/localedata.jar
7f879c0c0000-7f879c176000 r--p 00000000 08:01 1185609                    /usr/share/fonts/truetype/dejavu/DejaVuSans.ttf
7f879c176000-7f879c177000 r--s 00000000 08:01 2105390                    /var/cache/fontconfig/c05880de57d1f5e948fdfacc138775d9-le64.cache-4
7f879c177000-7f879c182000 r--s 00000000 08:01 2103191                    /var/cache/fontconfig/945677eb7aeaf62f1d50efc3fb3ec7d8-le64.cache-4
7f879c182000-7f879c184000 r--s 00000000 08:01 2105378                    /var/cache/fontconfig/99e8ed0e538f840c565b6ed5dad60d56-le64.cache-4
7f879c184000-7f879c18a000 r--s 00000000 08:01 2105205                    /var/cache/fontconfig/2cd17615ca594fa2959ae173292e504c-le64.cache-4
7f879c18a000-7f879c18b000 r--s 00000000 08:01 2105204                    /var/cache/fontconfig/e7071f4a29fa870f4323321c154eba04-le64.cache-4
7f879c18b000-7f879c18c000 r--s 00000000 08:01 2105194                    /var/cache/fontconfig/0d8c3b2ac0904cb8a57a757ad11a4a08-le64.cache-4
7f879c18c000-7f879c193000 r--s 00000000 08:01 2105193                    /var/cache/fontconfig/a755afe4a08bf5b97852ceb7400b47bc-le64.cache-4
7f879c193000-7f879c19f000 r--s 00000000 08:01 2105370                    /var/cache/fontconfig/6d41288fd70b0be22e8c3a91e032eec0-le64.cache-4
7f879c19f000-7f879c1a3000 r--s 00000000 08:01 2105328                    /var/cache/fontconfig/de156ccd2eddbdc19d37a45b8b2aac9c-le64.cache-4
7f879c1a3000-7f879c1b7000 r--s 00000000 08:01 2105320                    /var/cache/fontconfig/04aabc0a78ac019cf9454389977116d2-le64.cache-4
7f879c1b7000-7f879c1b8000 r--s 00000000 08:01 2105192                    /var/cache/fontconfig/1ac9eb803944fde146138c791f5cc56a-le64.cache-4
7f879c1b8000-7f879c1bc000 r--s 00000000 08:01 2105317                    /var/cache/fontconfig/385c0604a188198f04d133e54aba7fe7-le64.cache-4
7f879c1bc000-7f879c1bd000 r--s 00000000 08:01 2105310                    /var/cache/fontconfig/dc05db6664285cc2f12bf69c139ae4c3-le64.cache-4
7f879c1bd000-7f879c1bf000 r--s 00000000 08:01 2105190                    /var/cache/fontconfig/767a8244fc0220cfb567a839d0392e0b-le64.cache-4
7f879c1bf000-7f879c1c1000 r--s 00000000 08:01 2105189                    /var/cache/fontconfig/2fe16cf53f8bd2da9ea33d9eb6e69eee-le64.cache-4
7f879c1c1000-7f879c1c6000 r--s 00000000 08:01 2105281                    /var/cache/fontconfig/8801497958630a81b71ace7c5f9b32a8-le64.cache-4
7f879c1c6000-7f879c201000 r--s 00000000 08:01 2105149                    /var/cache/fontconfig/365b55f210c0a22e9a19e35191240f32-le64.cache-4
7f879c201000-7f879c219000 r-xp 00000000 08:01 658771                     /lib/x86_64-linux-gnu/libz.so.1.2.8
7f879c219000-7f879c418000 ---p 00018000 08:01 658771                     /lib/x86_64-linux-gnu/libz.so.1.2.8
7f879c418000-7f879c419000 r--p 00017000 08:01 658771                     /lib/x86_64-linux-gnu/libz.so.1.2.8
7f879c419000-7f879c41a000 rw-p 00018000 08:01 658771                     /lib/x86_64-linux-gnu/libz.so.1.2.8
7f879c41a000-7f879c422000 r-xp 00000000 08:01 533925                     /usr/lib/x86_64-linux-gnu/libxcb-render.so.0.0.0
7f879c422000-7f879c621000 ---p 00008000 08:01 533925                     /usr/lib/x86_64-linux-gnu/libxcb-render.so.0.0.0
7f879c621000-7f879c622000 r--p 00007000 08:01 533925                     /usr/lib/x86_64-linux-gnu/libxcb-render.so.0.0.0
7f879c622000-7f879c623000 rw-p 00008000 08:01 533925                     /usr/lib/x86_64-linux-gnu/libxcb-render.so.0.0.0
7f879c623000-7f879c625000 r-xp 00000000 08:01 532941                     /usr/lib/x86_64-linux-gnu/libxcb-shm.so.0.0.0
7f879c625000-7f879c824000 ---p 00002000 08:01 532941                     /usr/lib/x86_64-linux-gnu/libxcb-shm.so.0.0.0
7f879c824000-7f879c825000 r--p 00001000 08:01 532941                     /usr/lib/x86_64-linux-gnu/libxcb-shm.so.0.0.0
7f879c825000-7f879c826000 rw-p 00002000 08:01 532941                     /usr/lib/x86_64-linux-gnu/libxcb-shm.so.0.0.0
7f879c826000-7f879c84b000 r-xp 00000000 08:01 658803                     /lib/x86_64-linux-gnu/libpng12.so.0.50.0
7f879c84b000-7f879ca4a000 ---p 00025000 08:01 658803                     /lib/x86_64-linux-gnu/libpng12.so.0.50.0
7f879ca4a000-7f879ca4b000 r--p 00024000 08:01 658803                     /lib/x86_64-linux-gnu/libpng12.so.0.50.0
7f879ca4b000-7f879ca4c000 rw-p 00025000 08:01 658803                     /lib/x86_64-linux-gnu/libpng12.so.0.50.0
7f879ca4c000-7f879caed000 r-xp 00000000 08:01 530202                     /usr/lib/x86_64-linux-gnu/libpixman-1.so.0.30.2
7f879caed000-7f879cced000 ---p 000a1000 08:01 530202                     /usr/lib/x86_64-linux-gnu/libpixman-1.so.0.30.2
7f879cced000-7f879ccf4000 r--p 000a1000 08:01 530202                     /usr/lib/x86_64-linux-gnu/libpixman-1.so.0.30.2
7f879ccf4000-7f879ccf5000 rw-p 000a8000 08:01 530202                     /usr/lib/x86_64-linux-gnu/libpixman-1.so.0.30.2
7f879ccf5000-7f879cd12000 r-xp 00000000 08:01 525571                     /usr/lib/x86_64-linux-gnu/libxcb.so.1.1.0
7f879cd12000-7f879cf12000 ---p 0001d000 08:01 525571                     /usr/lib/x86_64-linux-gnu/libxcb.so.1.1.0
7f879cf12000-7f879cf13000 r--p 0001d000 08:01 525571                     /usr/lib/x86_64-linux-gnu/libxcb.so.1.1.0
7f879cf13000-7f879cf14000 rw-p 0001e000 08:01 525571                     /usr/lib/x86_64-linux-gnu/libxcb.so.1.1.0
7f879cf14000-7f879cfb1000 r-xp 00000000 08:01 531733                     /usr/lib/x86_64-linux-gnu/libfreetype.so.6.11.1
7f879cfb1000-7f879d1b0000 ---p 0009d000 08:01 531733                     /usr/lib/x86_64-linux-gnu/libfreetype.so.6.11.1
7f879d1b0000-7f879d1b6000 r--p 0009c000 08:01 531733                     /usr/lib/x86_64-linux-gnu/libfreetype.so.6.11.1
7f879d1b6000-7f879d1b7000 rw-p 000a2000 08:01 531733                     /usr/lib/x86_64-linux-gnu/libfreetype.so.6.11.1
7f879d1b7000-7f879d1b9000 r-xp 00000000 08:01 529384                     /usr/lib/x86_64-linux-gnu/libXdamage.so.1.1.0
7f879d1b9000-7f879d3b8000 ---p 00002000 08:01 529384                     /usr/lib/x86_64-linux-gnu/libXdamage.so.1.1.0
7f879d3b8000-7f879d3b9000 r--p 00001000 08:01 529384                     /usr/lib/x86_64-linux-gnu/libXdamage.so.1.1.0
7f879d3b9000-7f879d3ba000 rw-p 00002000 08:01 529384                     /usr/lib/x86_64-linux-gnu/libXdamage.so.1.1.0
7f879d3ba000-7f879d3bc000 r-xp 00000000 08:01 527298                     /usr/lib/x86_64-linux-gnu/libXcomposite.so.1.0.0
7f879d3bc000-7f879d5bb000 ---p 00002000 08:01 527298                     /usr/lib/x86_64-linux-gnu/libXcomposite.so.1.0.0
7f879d5bb000-7f879d5bc000 r--p 00001000 08:01 527298                     /usr/lib/x86_64-linux-gnu/libXcomposite.so.1.0.0
7f879d5bc000-7f879d5bd000 rw-p 00002000 08:01 527298                     /usr/lib/x86_64-linux-gnu/libXcomposite.so.1.0.0
7f879d5bd000-7f879d5c6000 r-xp 00000000 08:01 526273                     /usr/lib/x86_64-linux-gnu/libXcursor.so.1.0.2
7f879d5c6000-7f879d7c5000 ---p 00009000 08:01 526273                     /usr/lib/x86_64-linux-gnu/libXcursor.so.1.0.2
7f879d7c5000-7f879d7c6000 r--p 00008000 08:01 526273                     /usr/lib/x86_64-linux-gnu/libXcursor.so.1.0.2
7f879d7c6000-7f879d7c7000 rw-p 00009000 08:01 526273                     /usr/lib/x86_64-linux-gnu/libXcursor.so.1.0.2
7f879d7c7000-7f879d7d0000 r-xp 00000000 08:01 527010                     /usr/lib/x86_64-linux-gnu/libXrandr.so.2.2.0
7f879d7d0000-7f879d9cf000 ---p 00009000 08:01 527010                     /usr/lib/x86_64-linux-gnu/libXrandr.so.2.2.0
7f879d9cf000-7f879d9d0000 r--p 00008000 08:01 527010                     /usr/lib/x86_64-linux-gnu/libXrandr.so.2.2.0
7f879d9d0000-7f879d9d1000 rw-p 00009000 08:01 527010                     /usr/lib/x86_64-linux-gnu/libXrandr.so.2.2.0
7f879d9d1000-7f879d9e0000 r-xp 00000000 08:01 529386                     /usr/lib/x86_64-linux-gnu/libXi.so.6.1.0
7f879d9e0000-7f879dbdf000 ---p 0000f000 08:01 529386                     /usr/lib/x86_64-linux-gnu/libXi.so.6.1.0
7f879dbdf000-7f879dbe0000 r--p 0000e000 08:01 529386                     /usr/lib/x86_64-linux-gnu/libXi.so.6.1.0
7f879dbe0000-7f879dbe1000 rw-p 0000f000 08:01 529386                     /usr/lib/x86_64-linux-gnu/libXi.so.6.1.0
7f879dbe1000-7f879dbe3000 r-xp 00000000 08:01 528741                     /usr/lib/x86_64-linux-gnu/libXinerama.so.1.0.0
7f879dbe3000-7f879dde2000 ---p 00002000 08:01 528741                     /usr/lib/x86_64-linux-gnu/libXinerama.so.1.0.0
7f879dde2000-7f879dde3000 r--p 00001000 08:01 528741                     /usr/lib/x86_64-linux-gnu/libXinerama.so.1.0.0
7f879dde3000-7f879dde4000 rw-p 00002000 08:01 528741                     /usr/lib/x86_64-linux-gnu/libXinerama.so.1.0.0
7f879dde4000-7f879dded000 r-xp 00000000 08:01 525625                     /usr/lib/x86_64-linux-gnu/libXrender.so.1.3.0
7f879dded000-7f879dfec000 ---p 00009000 08:01 525625                     /usr/lib/x86_64-linux-gnu/libXrender.so.1.3.0
7f879dfec000-7f879dfed000 r--p 00008000 08:01 525625                     /usr/lib/x86_64-linux-gnu/libXrender.so.1.3.0
7f879dfed000-7f879dfee000 rw-p 00009000 08:01 525625                     /usr/lib/x86_64-linux-gnu/libXrender.so.1.3.0
7f879dfee000-7f879dfff000 r-xp 00000000 08:01 529468                     /usr/lib/x86_64-linux-gnu/libXext.so.6.4.0
7f879dfff000-7f879e1fe000 ---p 00011000 08:01 529468                     /usr/lib/x86_64-linux-gnu/libXext.so.6.4.0
7f879e1fe000-7f879e1ff000 r--p 00010000 08:01 529468                     /usr/lib/x86_64-linux-gnu/libXext.so.6.4.0
7f879e1ff000-7f879e200000 rw-p 00011000 08:01 529468                     /usr/lib/x86_64-linux-gnu/libXext.so.6.4.0
7f879e200000-7f879e306000 r-xp 00000000 08:01 660327                     /lib/x86_64-linux-gnu/libglib-2.0.so.0.4000.0
7f879e306000-7f879e505000 ---p 00106000 08:01 660327                     /lib/x86_64-linux-gnu/libglib-2.0.so.0.4000.0
7f879e505000-7f879e506000 r--p 00105000 08:01 660327                     /lib/x86_64-linux-gnu/libglib-2.0.so.0.4000.0
7f879e506000-7f879e507000 rw-p 00106000 08:01 660327                     /lib/x86_64-linux-gnu/libglib-2.0.so.0.4000.0
7f879e507000-7f879e508000 rw-p 00000000 00:00 0 
7f879e508000-7f879e557000 r-xp 00000000 08:01 533703                     /usr/lib/x86_64-linux-gnu/libgobject-2.0.so.0.4000.0
7f879e557000-7f879e757000 ---p 0004f000 08:01 533703                     /usr/lib/x86_64-linux-gnu/libgobject-2.0.so.0.4000.0
7f879e757000-7f879e758000 r--p 0004f000 08:01 533703                     /usr/lib/x86_64-linux-gnu/libgobject-2.0.so.0.4000.0
7f879e758000-7f879e759000 rw-p 00050000 08:01 533703                     /usr/lib/x86_64-linux-gnu/libgobject-2.0.so.0.4000.0
7f879e759000-7f879e793000 r-xp 00000000 08:01 527716                     /usr/lib/x86_64-linux-gnu/libfontconfig.so.1.8.0
7f879e793000-7f879e992000 ---p 0003a000 08:01 527716                     /usr/lib/x86_64-linux-gnu/libfontconfig.so.1.8.0
7f879e992000-7f879e994000 r--p 00039000 08:01 527716                     /usr/lib/x86_64-linux-gnu/libfontconfig.so.1.8.0
7f879e994000-7f879e995000 rw-p 0003b000 08:01 527716                     /usr/lib/x86_64-linux-gnu/libfontconfig.so.1.8.0
7f879e995000-7f879e9df000 r-xp 00000000 08:01 529797                     /usr/lib/x86_64-linux-gnu/libpango-1.0.so.0.3600.3
7f879e9df000-7f879ebdf000 ---p 0004a000 08:01 529797                     /usr/lib/x86_64-linux-gnu/libpango-1.0.so.0.3600.3
7f879ebdf000-7f879ebe1000 r--p 0004a000 08:01 529797                     /usr/lib/x86_64-linux-gnu/libpango-1.0.so.0.3600.3
7f879ebe1000-7f879ebe2000 rw-p 0004c000 08:01 529797                     /usr/lib/x86_64-linux-gnu/libpango-1.0.so.0.3600.3
7f879ebe2000-7f879ebf6000 r-xp 00000000 08:01 529792                     /usr/lib/x86_64-linux-gnu/libpangoft2-1.0.so.0.3600.3
7f879ebf6000-7f879edf5000 ---p 00014000 08:01 529792                     /usr/lib/x86_64-linux-gnu/libpangoft2-1.0.so.0.3600.3
7f879edf5000-7f879edf6000 r--p 00013000 08:01 529792                     /usr/lib/x86_64-linux-gnu/libpangoft2-1.0.so.0.3600.3
7f879edf6000-7f879edf7000 rw-p 00014000 08:01 529792                     /usr/lib/x86_64-linux-gnu/libpangoft2-1.0.so.0.3600.3
7f879edf7000-7f879ef62000 r-xp 00000000 08:01 533704                     /usr/lib/x86_64-linux-gnu/libgio-2.0.so.0.4000.0
7f879ef62000-7f879f162000 ---p 0016b000 08:01 533704                     /usr/lib/x86_64-linux-gnu/libgio-2.0.so.0.4000.0
7f879f162000-7f879f166000 r--p 0016b000 08:01 533704                     /usr/lib/x86_64-linux-gnu/libgio-2.0.so.0.4000.0
7f879f166000-7f879f168000 rw-p 0016f000 08:01 533704                     /usr/lib/x86_64-linux-gnu/libgio-2.0.so.0.4000.0
7f879f168000-7f879f16a000 rw-p 00000000 00:00 0 
7f879f16a000-7f879f189000 r-xp 00000000 08:01 533899                     /usr/lib/x86_64-linux-gnu/libgdk_pixbuf-2.0.so.0.3000.7
7f879f189000-7f879f389000 ---p 0001f000 08:01 533899                     /usr/lib/x86_64-linux-gnu/libgdk_pixbuf-2.0.so.0.3000.7
7f879f389000-7f879f38a000 r--p 0001f000 08:01 533899                     /usr/lib/x86_64-linux-gnu/libgdk_pixbuf-2.0.so.0.3000.7
7f879f38a000-7f879f38b000 rw-p 00020000 08:01 533899                     /usr/lib/x86_64-linux-gnu/libgdk_pixbuf-2.0.so.0.3000.7
7f879f38b000-7f879f491000 r-xp 00000000 08:01 527527                     /usr/lib/x86_64-linux-gnu/libcairo.so.2.11301.0
7f879f491000-7f879f690000 ---p 00106000 08:01 527527                     /usr/lib/x86_64-linux-gnu/libcairo.so.2.11301.0
7f879f690000-7f879f693000 r--p 00105000 08:01 527527                     /usr/lib/x86_64-linux-gnu/libcairo.so.2.11301.0
7f879f693000-7f879f694000 rw-p 00108000 08:01 527527                     /usr/lib/x86_64-linux-gnu/libcairo.so.2.11301.0
7f879f694000-7f879f696000 rw-p 00000000 00:00 0 
7f879f696000-7f879f6b5000 r-xp 00000000 08:01 533833                     /usr/lib/x86_64-linux-gnu/libatk-1.0.so.0.21009.1
7f879f6b5000-7f879f8b5000 ---p 0001f000 08:01 533833                     /usr/lib/x86_64-linux-gnu/libatk-1.0.so.0.21009.1
7f879f8b5000-7f879f8b7000 r--p 0001f000 08:01 533833                     /usr/lib/x86_64-linux-gnu/libatk-1.0.so.0.21009.1
7f879f8b7000-7f879f8b8000 rw-p 00021000 08:01 533833                     /usr/lib/x86_64-linux-gnu/libatk-1.0.so.0.21009.1
7f879f8b8000-7f879f8bd000 r-xp 00000000 08:01 529431                     /usr/lib/x86_64-linux-gnu/libXfixes.so.3.1.0
7f879f8bd000-7f879fabc000 ---p 00005000 08:01 529431                     /usr/lib/x86_64-linux-gnu/libXfixes.so.3.1.0
7f879fabc000-7f879fabd000 r--p 00004000 08:01 529431                     /usr/lib/x86_64-linux-gnu/libXfixes.so.3.1.0
7f879fabd000-7f879fabe000 rw-p 00005000 08:01 529431                     /usr/lib/x86_64-linux-gnu/libXfixes.so.3.1.0
7f879fabe000-7f879fbee000 r-xp 00000000 08:01 528477                     /usr/lib/x86_64-linux-gnu/libX11.so.6.3.0
7f879fbee000-7f879fdee000 ---p 00130000 08:01 528477                     /usr/lib/x86_64-linux-gnu/libX11.so.6.3.0
7f879fdee000-7f879fdef000 r--p 00130000 08:01 528477                     /usr/lib/x86_64-linux-gnu/libX11.so.6.3.0
7f879fdef000-7f879fdf3000 rw-p 00131000 08:01 528477                     /usr/lib/x86_64-linux-gnu/libX11.so.6.3.0
7f879fdf3000-7f879fdfe000 r-xp 00000000 08:01 525968                     /usr/lib/x86_64-linux-gnu/libpangocairo-1.0.so.0.3600.3
7f879fdfe000-7f879fffe000 ---p 0000b000 08:01 525968                     /usr/lib/x86_64-linux-gnu/libpangocairo-1.0.so.0.3600.3
7f879fffe000-7f879ffff000 r--p 0000b000 08:01 525968                     /usr/lib/x86_64-linux-gnu/libpangocairo-1.0.so.0.3600.3
7f879ffff000-7f87a0000000 rw-p 0000c000 08:01 525968                     /usr/lib/x86_64-linux-gnu/libpangocairo-1.0.so.0.3600.3
7f87a0000000-7f87a0021000 rw-p 00000000 00:00 0 
7f87a0021000-7f87a4000000 ---p 00000000 00:00 0 
7f87a4000000-7f87a4001000 r--s 00000000 08:01 2105158                    /var/cache/fontconfig/4794a0821666d79190d59a36cb4f44b5-le64.cache-4
7f87a4001000-7f87a4005000 r--s 00000000 08:01 2105115                    /var/cache/fontconfig/c57959a16110560c8d0fcea73374aeeb-le64.cache-4
7f87a4005000-7f87a400c000 r--s 00000000 08:01 2105253                    /var/cache/fontconfig/3047814df9a2f067bd2d96a2b9c36e5a-le64.cache-4
7f87a400c000-7f87a400d000 r--s 00000000 08:01 2105105                    /var/cache/fontconfig/56cf4f4769d0f4abc89a4895d7bd3ae1-le64.cache-4
7f87a400d000-7f87a4013000 r--s 00000000 08:01 2105030                    /var/cache/fontconfig/b47c4e1ecd0709278f4910c18777a504-le64.cache-4
7f87a4013000-7f87a4026000 r--s 00000000 08:01 2104885                    /var/cache/fontconfig/d52a8644073d54c13679302ca1180695-le64.cache-4
7f87a4026000-7f87a40a6000 rw-s 00000000 00:04 10584132                   /SYSV00000000 (deleted)
7f87a40a6000-7f87a40a9000 r-xp 00000000 08:01 533947                     /usr/lib/x86_64-linux-gnu/libgmodule-2.0.so.0.4000.0
7f87a40a9000-7f87a42a8000 ---p 00003000 08:01 533947                     /usr/lib/x86_64-linux-gnu/libgmodule-2.0.so.0.4000.0
7f87a42a8000-7f87a42a9000 r--p 00002000 08:01 533947                     /usr/lib/x86_64-linux-gnu/libgmodule-2.0.so.0.4000.0
7f87a42a9000-7f87a42aa000 rw-p 00003000 08:01 533947                     /usr/lib/x86_64-linux-gnu/libgmodule-2.0.so.0.4000.0
7f87a42aa000-7f87a4357000 r-xp 00000000 08:01 526222                     /usr/lib/x86_64-linux-gnu/libgdk-x11-2.0.so.0.2400.23
7f87a4357000-7f87a4556000 ---p 000ad000 08:01 526222                     /usr/lib/x86_64-linux-gnu/libgdk-x11-2.0.so.0.2400.23
7f87a4556000-7f87a455a000 r--p 000ac000 08:01 526222                     /usr/lib/x86_64-linux-gnu/libgdk-x11-2.0.so.0.2400.23
7f87a455a000-7f87a455c000 rw-p 000b0000 08:01 526222                     /usr/lib/x86_64-linux-gnu/libgdk-x11-2.0.so.0.2400.23
7f87a455c000-7f87a4561000 r-xp 00000000 08:01 533771                     /usr/lib/x86_64-linux-gnu/libXtst.so.6.1.0
7f87a4561000-7f87a4760000 ---p 00005000 08:01 533771                     /usr/lib/x86_64-linux-gnu/libXtst.so.6.1.0
7f87a4760000-7f87a4761000 r--p 00004000 08:01 533771                     /usr/lib/x86_64-linux-gnu/libXtst.so.6.1.0
7f87a4761000-7f87a4762000 rw-p 00005000 08:01 533771                     /usr/lib/x86_64-linux-gnu/libXtst.so.6.1.0
7f87a4762000-7f87a4763000 r-xp 00000000 08:01 534101                     /usr/lib/x86_64-linux-gnu/libgthread-2.0.so.0.4000.0
7f87a4763000-7f87a4962000 ---p 00001000 08:01 534101                     /usr/lib/x86_64-linux-gnu/libgthread-2.0.so.0.4000.0
7f87a4962000-7f87a4963000 r--p 00000000 08:01 534101                     /usr/lib/x86_64-linux-gnu/libgthread-2.0.so.0.4000.0
7f87a4963000-7f87a4964000 rw-p 00001000 08:01 534101                     /usr/lib/x86_64-linux-gnu/libgthread-2.0.so.0.4000.0
7f87a4964000-7f87a4d93000 r-xp 00000000 08:01 526221                     /usr/lib/x86_64-linux-gnu/libgtk-x11-2.0.so.0.2400.23
7f87a4d93000-7f87a4f92000 ---p 0042f000 08:01 526221                     /usr/lib/x86_64-linux-gnu/libgtk-x11-2.0.so.0.2400.23
7f87a4f92000-7f87a4f99000 r--p 0042e000 08:01 526221                     /usr/lib/x86_64-linux-gnu/libgtk-x11-2.0.so.0.2400.23
7f87a4f99000-7f87a4f9d000 rw-p 00435000 08:01 526221                     /usr/lib/x86_64-linux-gnu/libgtk-x11-2.0.so.0.2400.23
7f87a4f9d000-7f87a4fa0000 rw-p 00000000 00:00 0 
7f87a4fa0000-7f87a4fa1000 r--s 00000000 08:01 2105059                    /var/cache/fontconfig/b9d506c9ac06c20b433354fa67a72993-le64.cache-4
7f87a4fa1000-7f87a4fa4000 r--s 00000000 08:01 2105009                    /var/cache/fontconfig/e49e89034d371f0f9de17aab02136486-le64.cache-4
7f87a4fa4000-7f87a4fa6000 r--s 00000000 08:01 2105234                    /var/cache/fontconfig/4b14b093aebc79c320de5e86ae1d3314-le64.cache-4
7f87a4fa6000-7f87a4fae000 r--s 00000000 08:01 2104970                    /var/cache/fontconfig/3f7329c5293ffd510edef78f73874cfd-le64.cache-4
7f87a4fae000-7f87a4fb9000 r--s 00000000 08:01 2105230                    /var/cache/fontconfig/d589a48862398ed80a3d6066f4f56f4c-le64.cache-4
7f87a4fb9000-7f87a4fba000 r--s 00000000 08:01 2104903                    /var/cache/fontconfig/0c9eb80ebd1c36541ebe2852d3bb0c49-le64.cache-4
7f87a4fba000-7f87a4fc7000 r--s 00000000 08:01 2102896                    /var/cache/fontconfig/e13b20fdb08344e0e664864cc2ede53d-le64.cache-4
7f87a4fc7000-7f87a4fcb000 r--s 00000000 08:01 2103109                    /var/cache/fontconfig/7ef2298fde41cc6eeb7af42e48b7d293-le64.cache-4
7f87a4fcb000-7f87a5037000 r-xp 00000000 08:01 1332772                    /tmp/swtlib-64/libswt-pi-gtk-3550.so
7f87a5037000-7f87a5136000 ---p 0006c000 08:01 1332772                    /tmp/swtlib-64/libswt-pi-gtk-3550.so
7f87a5136000-7f87a5139000 rw-p 0006b000 08:01 1332772                    /tmp/swtlib-64/libswt-pi-gtk-3550.so
7f87a5139000-7f87a513b000 rw-p 00000000 00:00 0 
7f87a513b000-7f87a517b000 r-xp 00000000 08:01 1332770                    /tmp/swtlib-64/libswt-gtk-3550.so
7f87a517b000-7f87a527b000 ---p 00040000 08:01 1332770                    /tmp/swtlib-64/libswt-gtk-3550.so
7f87a527b000-7f87a527f000 rw-p 00040000 08:01 1332770                    /tmp/swtlib-64/libswt-gtk-3550.so
7f87a527f000-7f87a5280000 rw-p 00000000 00:00 0 
7f87a5280000-7f87a5283000 ---p 00000000 00:00 0 
7f87a5283000-7f87a52b9000 rw-p 00000000 00:00 0                          [stack:7888]
7f87a52b9000-7f87a52cd000 r--s 0015a000 08:05 22679280                   /home/Divine/randF/and-st-new/android-studio/sdk/tools/lib/x86_64/swt.jar
7f87a52cd000-7f87a52cf000 r--s 0000d000 08:05 22418230                   /home/Divine/randF/and-st-new/android-studio/sdk/tools/lib/commons-codec-1.4.jar
7f87a52cf000-7f87a52d1000 r--s 0000d000 08:05 22418132                   /home/Divine/randF/and-st-new/android-studio/sdk/tools/lib/commons-logging-1.1.1.jar
7f87a52d1000-7f87a52d6000 r--s 00028000 08:05 22418245                   /home/Divine/randF/and-st-new/android-studio/sdk/tools/lib/httpcore-4.1.jar
7f87a52d6000-7f87a52d8000 r--s 00005000 08:05 22418251                   /home/Divine/randF/and-st-new/android-studio/sdk/tools/lib/httpmime-4.1.jar
7f87a52d8000-7f87a52e0000 r--s 0004e000 08:05 22418099                   /home/Divine/randF/and-st-new/android-studio/sdk/tools/lib/httpclient-4.1.1.jar
7f87a52e0000-7f87a52e7000 r--s 00053000 08:05 22418219                   /home/Divine/randF/and-st-new/android-studio/sdk/tools/lib/commons-compress-1.8.1.jar
7f87a52e7000-7f87a52ea000 r--s 0000f000 08:05 22418106                   /home/Divine/randF/and-st-new/android-studio/sdk/tools/lib/layoutlib-api.jar
7f87a52ea000-7f87a52f4000 r--s 000a4000 08:05 22418250                   /home/Divine/randF/and-st-new/android-studio/sdk/tools/lib/sdklib.jar
7f87a52f4000-7f87a52f6000 r--s 00003000 08:05 22418249                   /home/Divine/randF/and-st-new/android-studio/sdk/tools/lib/sdkstats.jar
7f87a52f6000-7f87a52fc000 r--s 00046000 08:05 22418222                   /home/Divine/randF/and-st-new/android-studio/sdk/tools/lib/jcommon-1.0.12.jar
7f87a52fc000-7f87a530a000 r--s 001b2000 08:05 22418224                   /home/Divine/randF/and-st-new/android-studio/sdk/tools/lib/osgi-4.0.0.jar
7f87a530a000-7f87a530c000 r--s 00017000 08:05 22418217                   /home/Divine/randF/and-st-new/android-studio/sdk/tools/lib/org-eclipse-equinox-common-3.6.0.jar
7f87a530c000-7f87a531b000 r--s 0012d000 08:05 22418111                   /home/Divine/randF/and-st-new/android-studio/sdk/tools/lib/jfreechart-1.0.9.jar
7f87a531b000-7f87a5326000 r--s 00087000 08:05 22418141                   /home/Divine/randF/and-st-new/android-studio/sdk/tools/lib/ddmuilib.jar
7f87a5326000-7f87a5350000 r--s 001e9000 08:05 22418238                   /home/Divine/randF/and-st-new/android-studio/sdk/tools/lib/guava-15.0.jar
7f87a5350000-7f87a5351000 ---p 00000000 00:00 0 
7f87a5351000-7f87a5451000 rw-p 00000000 00:00 0                          [stack:7886]
7f87a5451000-7f87a5454000 ---p 00000000 00:00 0 
7f87a5454000-7f87a5552000 rw-p 00000000 00:00 0                          [stack:7885]
7f87a5552000-7f87a5555000 ---p 00000000 00:00 0 
7f87a5555000-7f87a5653000 rw-p 00000000 00:00 0                          [stack:7884]
7f87a5653000-7f87a5656000 ---p 00000000 00:00 0 
7f87a5656000-7f87a5754000 rw-p 00000000 00:00 0                          [stack:7883]
7f87a5754000-7f87a5757000 ---p 00000000 00:00 0 
7f87a5757000-7f87a5855000 rw-p 00000000 00:00 0                          [stack:7882]
7f87a5855000-7f87a5858000 ---p 00000000 00:00 0 
7f87a5858000-7f87a5956000 rw-p 00000000 00:00 0                          [stack:7881]
7f87a5956000-7f87a5c1f000 r--p 00000000 08:01 525616                     /usr/lib/locale/locale-archive
7f87a5c1f000-7f87a5c22000 ---p 00000000 00:00 0 
7f87a5c22000-7f87a5d20000 rw-p 00000000 00:00 0                          [stack:7880]
7f87a5d20000-7f87a5d23000 ---p 00000000 00:00 0 
7f87a5d23000-7f87a5e21000 rw-p 00000000 00:00 0                          [stack:7879]
7f87a5e21000-7f87a5e22000 ---p 00000000 00:00 0 
7f87a5e22000-7f87a6ee3000 rw-p 00000000 00:00 0                          [stack:7878]
7f87a6ee3000-7f87a70b7000 r--s 03c3d000 08:01 1202465                    /usr/lib/jvm/java-8-oracle/jre/lib/rt.jar
7f87a70b7000-7f87a8208000 rw-p 00000000 00:00 0 
7f87a8208000-7f87a8209000 ---p 00000000 00:00 0 
7f87a8209000-7f87a8309000 rw-p 00000000 00:00 0                          [stack:7877]
7f87a8309000-7f87a830a000 ---p 00000000 00:00 0 
7f87a830a000-7f87a840a000 rw-p 00000000 00:00 0                          [stack:7876]
7f87a840a000-7f87a840b000 ---p 00000000 00:00 0 
7f87a840b000-7f87a850b000 rw-p 00000000 00:00 0                          [stack:7875]
7f87a850b000-7f87a850c000 ---p 00000000 00:00 0 
7f87a850c000-7f87a861c000 rw-p 00000000 00:00 0                          [stack:7874]
7f87a861c000-7f87a89cc000 ---p 00000000 00:00 0 
7f87a89cc000-7f87a8dcc000 rwxp 00000000 00:00 0 
7f87a8dcc000-7f87b79cc000 ---p 00000000 00:00 0 
7f87b79cc000-7f87b79e8000 r-xp 00000000 08:01 1725808                    /usr/lib/jvm/java-8-oracle/jre/lib/amd64/libzip.so
7f87b79e8000-7f87b7be7000 ---p 0001c000 08:01 1725808                    /usr/lib/jvm/java-8-oracle/jre/lib/amd64/libzip.so
7f87b7be7000-7f87b7be8000 rw-p 0001b000 08:01 1725808                    /usr/lib/jvm/java-8-oracle/jre/lib/amd64/libzip.so
7f87b7be8000-7f87b7bf3000 r-xp 00000000 08:01 657111                     /lib/x86_64-linux-gnu/libnss_files-2.19.so
7f87b7bf3000-7f87b7df2000 ---p 0000b000 08:01 657111                     /lib/x86_64-linux-gnu/libnss_files-2.19.so
7f87b7df2000-7f87b7df3000 r--p 0000a000 08:01 657111                     /lib/x86_64-linux-gnu/libnss_files-2.19.so
7f87b7df3000-7f87b7df4000 rw-p 0000b000 08:01 657111                     /lib/x86_64-linux-gnu/libnss_files-2.19.so
7f87b7df4000-7f87b7dff000 r-xp 00000000 08:01 657118                     /lib/x86_64-linux-gnu/libnss_nis-2.19.so
7f87b7dff000-7f87b7ffe000 ---p 0000b000 08:01 657118                     /lib/x86_64-linux-gnu/libnss_nis-2.19.so
7f87b7ffe000-7f87b7fff000 r--p 0000a000 08:01 657118                     /lib/x86_64-linux-gnu/libnss_nis-2.19.so
7f87b7fff000-7f87b8000000 rw-p 0000b000 08:01 657118                     /lib/x86_64-linux-gnu/libnss_nis-2.19.so
7f87b8000000-7f87b8cfc000 rw-p 00000000 00:00 0 
7f87b8cfc000-7f87bc000000 ---p 00000000 00:00 0 
7f87bc000000-7f87bc001000 r--s 00004000 08:05 22418134                   /home/Divine/randF/and-st-new/android-studio/sdk/tools/lib/dvlib.jar
7f87bc001000-7f87bc005000 r--s 00017000 08:05 22418212                   /home/Divine/randF/and-st-new/android-studio/sdk/tools/lib/org-eclipse-core-commands-3.6.0.jar
7f87bc005000-7f87bc007000 r--s 00010000 08:05 22418244                   /home/Divine/randF/and-st-new/android-studio/sdk/tools/lib/jfreechart-swt-1.0.9.jar
7f87bc007000-7f87bc00c000 r--s 00092000 08:01 1202472                    /usr/lib/jvm/java-8-oracle/jre/lib/jsse.jar
7f87bc00c000-7f87bc011000 r--s 0003c000 08:05 22418216                   /home/Divine/randF/and-st-new/android-studio/sdk/tools/lib/ddmlib.jar
7f87bc011000-7f87bc060000 rw-p 00000000 00:00 0 
7f87bc060000-7f87bc088000 ---p 00000000 00:00 0 
7f87bc088000-7f87bc09f000 r-xp 00000000 08:01 657115                     /lib/x86_64-linux-gnu/libnsl-2.19.so
7f87bc09f000-7f87bc29e000 ---p 00017000 08:01 657115                     /lib/x86_64-linux-gnu/libnsl-2.19.so
7f87bc29e000-7f87bc29f000 r--p 00016000 08:01 657115                     /lib/x86_64-linux-gnu/libnsl-2.19.so
7f87bc29f000-7f87bc2a0000 rw-p 00017000 08:01 657115                     /lib/x86_64-linux-gnu/libnsl-2.19.so
7f87bc2a0000-7f87bc2a2000 rw-p 00000000 00:00 0 
7f87bc2a2000-7f87bc2ab000 r-xp 00000000 08:01 657119                     /lib/x86_64-linux-gnu/libnss_compat-2.19.so
7f87bc2ab000-7f87bc4aa000 ---p 00009000 08:01 657119                     /lib/x86_64-linux-gnu/libnss_compat-2.19.so
7f87bc4aa000-7f87bc4ab000 r--p 00008000 08:01 657119                     /lib/x86_64-linux-gnu/libnss_compat-2.19.so
7f87bc4ab000-7f87bc4ac000 rw-p 00009000 08:01 657119                     /lib/x86_64-linux-gnu/libnss_compat-2.19.so
7f87bc4ac000-7f87bc4d6000 r-xp 00000000 08:01 1725804                    /usr/lib/jvm/java-8-oracle/jre/lib/amd64/libjava.so
7f87bc4d6000-7f87bc6d6000 ---p 0002a000 08:01 1725804                    /usr/lib/jvm/java-8-oracle/jre/lib/amd64/libjava.so
7f87bc6d6000-7f87bc6d8000 rw-p 0002a000 08:01 1725804                    /usr/lib/jvm/java-8-oracle/jre/lib/amd64/libjava.so
7f87bc6d8000-7f87bc6e5000 r-xp 00000000 08:01 1725778                    /usr/lib/jvm/java-8-oracle/jre/lib/amd64/libverify.so
7f87bc6e5000-7f87bc8e5000 ---p 0000d000 08:01 1725778                    /usr/lib/jvm/java-8-oracle/jre/lib/amd64/libverify.so
7f87bc8e5000-7f87bc8e7000 rw-p 0000d000 08:01 1725778                    /usr/lib/jvm/java-8-oracle/jre/lib/amd64/libverify.so
7f87bc8e7000-7f87bc8ee000 r-xp 00000000 08:01 657127                     /lib/x86_64-linux-gnu/librt-2.19.so
7f87bc8ee000-7f87bcaed000 ---p 00007000 08:01 657127                     /lib/x86_64-linux-gnu/librt-2.19.so
7f87bcaed000-7f87bcaee000 r--p 00006000 08:01 657127                     /lib/x86_64-linux-gnu/librt-2.19.so
7f87bcaee000-7f87bcaef000 rw-p 00007000 08:01 657127                     /lib/x86_64-linux-gnu/librt-2.19.so
7f87bcaef000-7f87bcbf4000 r-xp 00000000 08:01 657112                     /lib/x86_64-linux-gnu/libm-2.19.so
7f87bcbf4000-7f87bcdf3000 ---p 00105000 08:01 657112                     /lib/x86_64-linux-gnu/libm-2.19.so
7f87bcdf3000-7f87bcdf4000 r--p 00104000 08:01 657112                     /lib/x86_64-linux-gnu/libm-2.19.so
7f87bcdf4000-7f87bcdf5000 rw-p 00105000 08:01 657112                     /lib/x86_64-linux-gnu/libm-2.19.so
7f87bcdf5000-7f87bda0d000 r-xp 00000000 08:01 1725800                    /usr/lib/jvm/java-8-oracle/jre/lib/amd64/server/libjvm.so
7f87bda0d000-7f87bdc0d000 ---p 00c18000 08:01 1725800                    /usr/lib/jvm/java-8-oracle/jre/lib/amd64/server/libjvm.so
7f87bdc0d000-7f87bdcd6000 rw-p 00c18000 08:01 1725800                    /usr/lib/jvm/java-8-oracle/jre/lib/amd64/server/libjvm.so
7f87bdcd6000-7f87bdd17000 rw-p 00000000 00:00 0 
7f87bdd17000-7f87bded3000 r-xp 00000000 08:01 657109                     /lib/x86_64-linux-gnu/libc-2.19.so
7f87bded3000-7f87be0d2000 ---p 001bc000 08:01 657109                     /lib/x86_64-linux-gnu/libc-2.19.so
7f87be0d2000-7f87be0d6000 r--p 001bb000 08:01 657109                     /lib/x86_64-linux-gnu/libc-2.19.so
7f87be0d6000-7f87be0d8000 rw-p 001bf000 08:01 657109                     /lib/x86_64-linux-gnu/libc-2.19.so
7f87be0d8000-7f87be0dd000 rw-p 00000000 00:00 0 
7f87be0dd000-7f87be0e0000 r-xp 00000000 08:01 657122                     /lib/x86_64-linux-gnu/libdl-2.19.so
7f87be0e0000-7f87be2df000 ---p 00003000 08:01 657122                     /lib/x86_64-linux-gnu/libdl-2.19.so
7f87be2df000-7f87be2e0000 r--p 00002000 08:01 657122                     /lib/x86_64-linux-gnu/libdl-2.19.so
7f87be2e0000-7f87be2e1000 rw-p 00003000 08:01 657122                     /lib/x86_64-linux-gnu/libdl-2.19.so
7f87be2e1000-7f87be2f8000 r-xp 00000000 08:01 1725816                    /usr/lib/jvm/java-8-oracle/jre/lib/amd64/jli/libjli.so
7f87be2f8000-7f87be4f7000 ---p 00017000 08:01 1725816                    /usr/lib/jvm/java-8-oracle/jre/lib/amd64/jli/libjli.so
7f87be4f7000-7f87be4f8000 rw-p 00016000 08:01 1725816                    /usr/lib/jvm/java-8-oracle/jre/lib/amd64/jli/libjli.so
7f87be4f8000-7f87be511000 r-xp 00000000 08:01 657126                     /lib/x86_64-linux-gnu/libpthread-2.19.so
7f87be511000-7f87be710000 ---p 00019000 08:01 657126                     /lib/x86_64-linux-gnu/libpthread-2.19.so
7f87be710000-7f87be711000 r--p 00018000 08:01 657126                     /lib/x86_64-linux-gnu/libpthread-2.19.so
7f87be711000-7f87be712000 rw-p 00019000 08:01 657126                     /lib/x86_64-linux-gnu/libpthread-2.19.so
7f87be712000-7f87be716000 rw-p 00000000 00:00 0 
7f87be716000-7f87be739000 r-xp 00000000 08:01 657108                     /lib/x86_64-linux-gnu/ld-2.19.so
7f87be739000-7f87be73c000 r--s 00019000 08:01 1202489                    /usr/lib/jvm/java-8-oracle/jre/lib/jce.jar
7f87be73c000-7f87be7b3000 rw-p 00000000 00:00 0 
7f87be7b3000-7f87be7da000 ---p 00000000 00:00 0 
7f87be7da000-7f87be7e4000 rw-p 00000000 00:00 0 
7f87be7e4000-7f87be805000 ---p 00000000 00:00 0 
7f87be805000-7f87be806000 rw-p 00000000 00:00 0 
7f87be806000-7f87be809000 ---p 00000000 00:00 0 
7f87be809000-7f87be90b000 rw-p 00000000 00:00 0                          [stack:7873]
7f87be90b000-7f87be90c000 r--s 00004000 08:05 22418252                   /home/Divine/randF/and-st-new/android-studio/sdk/tools/lib/swtmenubar.jar
7f87be90c000-7f87be90d000 r--s 0000a000 08:05 22418221                   /home/Divine/randF/and-st-new/android-studio/sdk/tools/lib/kxml2-2.3.0.jar
7f87be90d000-7f87be90f000 r--s 00012000 08:05 22418232                   /home/Divine/randF/and-st-new/android-studio/sdk/tools/lib/common.jar
7f87be90f000-7f87be924000 r--s 000f1000 08:05 22418213                   /home/Divine/randF/and-st-new/android-studio/sdk/tools/lib/org-eclipse-jface-3.6.2.jar
7f87be924000-7f87be927000 r--s 0001c000 08:05 22418098                   /home/Divine/randF/and-st-new/android-studio/sdk/tools/lib/ddms.jar
7f87be927000-7f87be92c000 rw-p 00000000 00:00 0 
7f87be92c000-7f87be934000 rw-s 00000000 08:01 1332768                    /tmp/hsperfdata_Divine/7849
7f87be934000-7f87be935000 rw-p 00000000 00:00 0 
7f87be935000-7f87be936000 r--p 00000000 00:00 0 
7f87be936000-7f87be938000 rw-p 00000000 00:00 0 
7f87be938000-7f87be939000 r--p 00022000 08:01 657108                     /lib/x86_64-linux-gnu/ld-2.19.so
7f87be939000-7f87be93a000 rw-p 00023000 08:01 657108                     /lib/x86_64-linux-gnu/ld-2.19.so
7f87be93a000-7f87be93b000 rw-p 00000000 00:00 0 
7fff55d27000-7fff55d49000 rw-p 00000000 00:00 0                          [stack]
7fff55d4c000-7fff55d4e000 r-xp 00000000 00:00 0                          [vdso]
ffffffffff600000-ffffffffff601000 r-xp 00000000 00:00 0                  [vsyscall]

VM Arguments:
jvm_args: -Xmx256M -Dcom.android.ddms.bindir=/home/Divine/randF/and-st-new/android-studio/sdk/tools 
java_command: com.android.ddms.Main
java_class_path (initial): /home/Divine/randF/and-st-new/android-studio/sdk/tools/lib/ddms.jar:/home/Divine/randF/and-st-new/android-studio/sdk/tools/lib/swtmenubar.jar:/home/Divine/randF/and-st-new/android-studio/sdk/tools/lib/x86_64/swt.jar
Launcher Type: SUN_STANDARD

Environment Variables:
JAVA_HOME=/opt/java/jdk1.6.0_25/
PATH=/home/Divine/.rvm/gems/ruby-2.0.0-p353/bin:/home/Divine/.rvm/gems/ruby-2.0.0-p353@global/bin:/home/Divine/.rvm/rubies/ruby-2.0.0-p353/bin:/usr/lib/x86_64-linux-gnu/qt4/bin:/home/Divine/bin:/usr/lib/lightdm/lightdm:/usr/local/sbin:/usr/local/bin:/usr/sbin:/usr/bin:/sbin:/bin:/usr/games:/usr/local/games:/home/Divine/bin:/opt/java/jdk1.6.0_25//bin:/home/Divine/bin:/opt/java/jdk1.7.0//bin:/home/Divine/bin:/opt/java/jdk1.7.0//bin:/home/Divine/bin:/opt/java/jdk1.6.0_25//bin:/home/Divine/.rvm/bin:/home/Divine/.rvm/bin:pwd:pwd:/home/Divine/bin:/opt/java/jdk1.7.0//bin:/home/Divine/bin:/opt/java/jdk1.7.0/db//bin:/home/Divine/bin:/opt/java/jdk1.6.0_25//bin:/home/Divine/sdk:/home/Divine/randF/and-st-new/android-studio//sdk/tools:/home/Divine/gradle:/home/Divine/Documents/gradle-1.7//bin/
SHELL=/bin/bash
DISPLAY=:0

Signal Handlers:
SIGSEGV: [libjvm.so+0xa2ecd0], sa_mask[0]=0x7ffbfeff, sa_flags=0x10000004
SIGBUS: [libjvm.so+0xa2ecd0], sa_mask[0]=0x7ffbfeff, sa_flags=0x10000004
SIGFPE: [libjvm.so+0x89a4d0], sa_mask[0]=0x7ffbfeff, sa_flags=0x10000004
SIGPIPE: SIG_IGN, sa_mask[0]=0x00001000, sa_flags=0x10000000
SIGXFSZ: [libjvm.so+0x89a4d0], sa_mask[0]=0x7ffbfeff, sa_flags=0x10000004
SIGILL: [libjvm.so+0x89a4d0], sa_mask[0]=0x7ffbfeff, sa_flags=0x10000004
SIGUSR1: SIG_DFL, sa_mask[0]=0x00000000, sa_flags=0x00000000
SIGUSR2: [libjvm.so+0x89bc70], sa_mask[0]=0x00000000, sa_flags=0x10000004
SIGHUP: [libjvm.so+0x89cf20], sa_mask[0]=0x7ffbfeff, sa_flags=0x10000004
SIGINT: [libjvm.so+0x89cf20], sa_mask[0]=0x7ffbfeff, sa_flags=0x10000004
SIGTERM: [libjvm.so+0x89cf20], sa_mask[0]=0x7ffbfeff, sa_flags=0x10000004
SIGQUIT: [libjvm.so+0x89cf20], sa_mask[0]=0x7ffbfeff, sa_flags=0x10000004


---------------  S Y S T E M  ---------------

OS:DISTRIB_ID=Ubuntu
DISTRIB_RELEASE=14.04
DISTRIB_CODENAME=trusty
DISTRIB_DESCRIPTION="Ubuntu 14.04 LTS"

uname:Linux 3.13.0-30-generic #55-Ubuntu SMP Fri Jul 4 21:40:53 UTC 2014 x86_64
libc:glibc 2.19 NPTL 2.19 
rlimit: STACK 8192k, CORE 0k, NPROC 46830, NOFILE 4096, AS infinity
load average:0,28 0,24 0,25

/proc/meminfo:
MemTotal:        6023968 kB
MemFree:         1246596 kB
Buffers:          903292 kB
Cached:          1571204 kB
SwapCached:            0 kB
Active:          2906496 kB
Inactive:        1265528 kB
Active(anon):    1700756 kB
Inactive(anon):   190188 kB
Active(file):    1205740 kB
Inactive(file):  1075340 kB
Unevictable:          64 kB
Mlocked:              64 kB
SwapTotal:       6834172 kB
SwapFree:        6834172 kB
Dirty:             11160 kB
Writeback:             0 kB
AnonPages:       1697588 kB
Mapped:           325888 kB
Shmem:            193424 kB
Slab:             495084 kB
SReclaimable:     454252 kB
SUnreclaim:        40832 kB
KernelStack:        4288 kB
PageTables:        34508 kB
NFS_Unstable:          0 kB
Bounce:                0 kB
WritebackTmp:          0 kB
CommitLimit:     9846156 kB
Committed_AS:    4407156 kB
VmallocTotal:   34359738367 kB
VmallocUsed:      356496 kB
VmallocChunk:   34359376780 kB
HardwareCorrupted:     0 kB
AnonHugePages:   1067008 kB
HugePages_Total:       0
HugePages_Free:        0
HugePages_Rsvd:        0
HugePages_Surp:        0
Hugepagesize:       2048 kB
DirectMap4k:       70208 kB
DirectMap2M:     6133760 kB


CPU:total 4 (2 cores per cpu, 2 threads per core) family 6 model 42 stepping 7, cmov, cx8, fxsr, mmx, sse, sse2, sse3, ssse3, sse4.1, sse4.2, popcnt, avx, clmul, ht, tsc, tscinvbit

/proc/cpuinfo:
processor	: 0
vendor_id	: GenuineIntel
cpu family	: 6
model		: 42
model name	: Intel(R) Core(TM) i5-2410M CPU @ 2.30GHz
stepping	: 7
microcode	: 0x14
cpu MHz		: 800.000
cache size	: 3072 KB
physical id	: 0
siblings	: 4
core id		: 0
cpu cores	: 2
apicid		: 0
initial apicid	: 0
fpu		: yes
fpu_exception	: yes
cpuid level	: 13
wp		: yes
flags		: fpu vme de pse tsc msr pae mce cx8 apic sep mtrr pge mca cmov pat pse36 clflush dts acpi mmx fxsr sse sse2 ss ht tm pbe syscall nx rdtscp lm constant_tsc arch_perfmon pebs bts nopl xtopology nonstop_tsc aperfmperf eagerfpu pni pclmulqdq dtes64 monitor ds_cpl vmx est tm2 ssse3 cx16 xtpr pdcm pcid sse4_1 sse4_2 x2apic popcnt tsc_deadline_timer xsave avx lahf_lm ida arat epb xsaveopt pln pts dtherm tpr_shadow vnmi flexpriority ept vpid
bogomips	: 4589.35
clflush size	: 64
cache_alignment	: 64
address sizes	: 36 bits physical, 48 bits virtual
power management:

processor	: 1
vendor_id	: GenuineIntel
cpu family	: 6
model		: 42
model name	: Intel(R) Core(TM) i5-2410M CPU @ 2.30GHz
stepping	: 7
microcode	: 0x14
cpu MHz		: 800.000
cache size	: 3072 KB
physical id	: 0
siblings	: 4
core id		: 0
cpu cores	: 2
apicid		: 1
initial apicid	: 1
fpu		: yes
fpu_exception	: yes
cpuid level	: 13
wp		: yes
flags		: fpu vme de pse tsc msr pae mce cx8 apic sep mtrr pge mca cmov pat pse36 clflush dts acpi mmx fxsr sse sse2 ss ht tm pbe syscall nx rdtscp lm constant_tsc arch_perfmon pebs bts nopl xtopology nonstop_tsc aperfmperf eagerfpu pni pclmulqdq dtes64 monitor ds_cpl vmx est tm2 ssse3 cx16 xtpr pdcm pcid sse4_1 sse4_2 x2apic popcnt tsc_deadline_timer xsave avx lahf_lm ida arat epb xsaveopt pln pts dtherm tpr_shadow vnmi flexpriority ept vpid
bogomips	: 4589.35
clflush size	: 64
cache_alignment	: 64
address sizes	: 36 bits physical, 48 bits virtual
power management:

processor	: 2
vendor_id	: GenuineIntel
cpu family	: 6
model		: 42
model name	: Intel(R) Core(TM) i5-2410M CPU @ 2.30GHz
stepping	: 7
microcode	: 0x14
cpu MHz		: 2301.000
cache size	: 3072 KB
physical id	: 0
siblings	: 4
core id		: 1
cpu cores	: 2
apicid		: 2
initial apicid	: 2
fpu		: yes
fpu_exception	: yes
cpuid level	: 13
wp		: yes
flags		: fpu vme de pse tsc msr pae mce cx8 apic sep mtrr pge mca cmov pat pse36 clflush dts acpi mmx fxsr sse sse2 ss ht tm pbe syscall nx rdtscp lm constant_tsc arch_perfmon pebs bts nopl xtopology nonstop_tsc aperfmperf eagerfpu pni pclmulqdq dtes64 monitor ds_cpl vmx est tm2 ssse3 cx16 xtpr pdcm pcid sse4_1 sse4_2 x2apic popcnt tsc_deadline_timer xsave avx lahf_lm ida arat epb xsaveopt pln pts dtherm tpr_shadow vnmi flexpriority ept vpid
bogomips	: 4589.35
clflush size	: 64
cache_alignment	: 64
address sizes	: 36 bits physical, 48 bits virtual
power management:

processor	: 3
vendor_id	: GenuineIntel
cpu family	: 6
model		: 42
model name	: Intel(R) Core(TM) i5-2410M CPU @ 2.30GHz
stepping	: 7
microcode	: 0x14
cpu MHz		: 1400.000
cache size	: 3072 KB
physical id	: 0
siblings	: 4
core id		: 1
cpu cores	: 2
apicid		: 3
initial apicid	: 3
fpu		: yes
fpu_exception	: yes
cpuid level	: 13
wp		: yes
flags		: fpu vme de pse tsc msr pae mce cx8 apic sep mtrr pge mca cmov pat pse36 clflush dts acpi mmx fxsr sse sse2 ss ht tm pbe syscall nx rdtscp lm constant_tsc arch_perfmon pebs bts nopl xtopology nonstop_tsc aperfmperf eagerfpu pni pclmulqdq dtes64 monitor ds_cpl vmx est tm2 ssse3 cx16 xtpr pdcm pcid sse4_1 sse4_2 x2apic popcnt tsc_deadline_timer xsave avx lahf_lm ida arat epb xsaveopt pln pts dtherm tpr_shadow vnmi flexpriority ept vpid
bogomips	: 4589.35
clflush size	: 64
cache_alignment	: 64
address sizes	: 36 bits physical, 48 bits virtual
power management:



Memory: 4k page, physical 6023968k(1246596k free), swap 6834172k(6834172k free)

vm_info: Java HotSpot(TM) 64-Bit Server VM (25.0-b66) for linux-amd64 JRE (1.8.0-ea-b124), built on Jan 19 2014 17:20:44 by "java_re" with gcc 4.3.0 20080428 (Red Hat 4.3.0-8)

time: Wed Jul 23 17:33:34 2014
elapsed time: 17 seconds

